"../../../../../../Users/User/Documents/Unreal Projects/AndroidRunner/Content/tex1.uasset" 0
"../../../../../../Users/User/Documents/Unreal Projects/AndroidRunner/Content/NewMaterial.uasset" 1
"../../../../../../Users/User/Documents/Unreal Projects/AndroidRunner/Content/Mannequin/Character/Mesh/SK_Mannequin_Skeleton.uasset" 2
"../../../../../../Users/User/Documents/Unreal Projects/AndroidRunner/Content/Mannequin/Animations/ThirdPerson_Jump.uasset" 3
"../../../../../../Users/User/Documents/Unreal Projects/AndroidRunner/Content/Mannequin/Character/Mesh/SK_Mannequin_PhysicsAsset.uasset" 4
"../../../Engine/Content/Animation/DefaultAnimBoneCompressionSettings.uasset" 5
"../../../../../../Users/User/Documents/Unreal Projects/AndroidRunner/Content/myfolders/animation/dance/Flair4UE4.uasset" 6
"../../../../../../Users/User/Documents/Unreal Projects/AndroidRunner/Content/myfolders/animation/dance/HeadSpinning4UE4.uasset" 7
"../../../../../../Users/User/Documents/Unreal Projects/AndroidRunner/Content/myfolders/animation/dance/SillyDancing4UE4.uasset" 8
"../../../../../../Users/User/Documents/Unreal Projects/AndroidRunner/Content/Mannequin/Animations/ThirdPersonJump_End.uasset" 9
"../../../../../../Users/User/Documents/Unreal Projects/AndroidRunner/Content/Mannequin/Animations/ThirdPersonJump_Loop.uasset" 10
"../../../../../../Users/User/Documents/Unreal Projects/AndroidRunner/Content/Mannequin/Animations/ThirdPersonJump_Start.uasset" 11
"../../../../../../Users/User/Documents/Unreal Projects/AndroidRunner/Content/Mannequin/Animations/ThirdPersonIdle.uasset" 12
"../../../../../../Users/User/Documents/Unreal Projects/AndroidRunner/Content/Mannequin/Animations/ThirdPersonRun.uasset" 13
"../../../../../../Users/User/Documents/Unreal Projects/AndroidRunner/Content/Mannequin/Animations/ThirdPersonWalk.uasset" 14
"../../../../../../Users/User/Documents/Unreal Projects/AndroidRunner/Content/Mannequin/Animations/ThirdPerson_IdleRun_2D.uasset" 15
"../../../Engine/Content/EditorBlueprintResources/StandardMacros.uasset" 16
"../../../../../../Users/User/Documents/Unreal Projects/AndroidRunner/Content/Mannequin/Animations/ThirdPerson_AnimBP.uasset" 17
"../../../Engine/Content/Functions/Engine_MaterialFunctions02/Utility/BlendAngleCorrectedNormals.uasset" 18
"../../../Engine/Content/Functions/MaterialLayerFunctions/MatLayerBlend_NormalBlend.uasset" 19
"../../../Engine/Content/Functions/MaterialLayerFunctions/MatLayerBlend_Simple.uasset" 20
"../../../../../../Users/User/Documents/Unreal Projects/AndroidRunner/Content/Mannequin/Character/Materials/MaterialLayers/T_ML_Rubber_Blue_01_D.uasset" 21
"../../../../../../Users/User/Documents/Unreal Projects/AndroidRunner/Content/Mannequin/Character/Materials/MaterialLayers/T_ML_Rubber_Blue_01_N.uasset" 22
"../../../../../../Users/User/Documents/Unreal Projects/AndroidRunner/Content/Mannequin/Character/Materials/MaterialLayers/ML_GlossyBlack_Latex_UE4.uasset" 23
"../../../../../../Users/User/Documents/Unreal Projects/AndroidRunner/Content/Mannequin/Character/Materials/MaterialLayers/ML_Plastic_Shiny_Beige.uasset" 24
"../../../../../../Users/User/Documents/Unreal Projects/AndroidRunner/Content/Mannequin/Character/Textures/UE4_LOGO_CARD.uasset" 25
"../../../../../../Users/User/Documents/Unreal Projects/AndroidRunner/Content/Mannequin/Character/Materials/MaterialLayers/ML_Plastic_Shiny_Beige_LOGO.uasset" 26
"../../../../../../Users/User/Documents/Unreal Projects/AndroidRunner/Content/Mannequin/Character/Materials/MaterialLayers/T_ML_Aluminum01.uasset" 27
"../../../../../../Users/User/Documents/Unreal Projects/AndroidRunner/Content/Mannequin/Character/Materials/MaterialLayers/T_ML_Aluminum01_N.uasset" 28
"../../../../../../Users/User/Documents/Unreal Projects/AndroidRunner/Content/Mannequin/Character/Materials/MaterialLayers/ML_SoftMetal_UE4.uasset" 29
"../../../../../../Users/User/Documents/Unreal Projects/AndroidRunner/Content/Mannequin/Character/Textures/T_UE4_Mannequin_Mobile_M.uasset" 30
"../../../../../../Users/User/Documents/Unreal Projects/AndroidRunner/Content/Mannequin/Character/Textures/T_UE4_Mannequin_Mobile_N.uasset" 31
"../../../../../../Users/User/Documents/Unreal Projects/AndroidRunner/Content/Mannequin/Character/Materials/M_UE4Man_Body.uasset" 32
"../../../../../../Users/User/Documents/Unreal Projects/AndroidRunner/Content/Mannequin/Character/Textures/UE4Man_Logo_N.uasset" 33
"../../../../../../Users/User/Documents/Unreal Projects/AndroidRunner/Content/Mannequin/Character/Materials/M_UE4Man_ChestLogo.uasset" 34
"../../../../../../Users/User/Documents/Unreal Projects/AndroidRunner/Content/Mannequin/Character/Mesh/SK_Mannequin_Physics.uasset" 35
"../../../../../../Users/User/Documents/Unreal Projects/AndroidRunner/Content/Mannequin/Character/Mesh/SK_Mannequin.uasset" 36
"../../../../../../Users/User/Documents/Unreal Projects/AndroidRunner/Content/myfolders/gui/loosescreen.uasset" 37
"../../../../../../Users/User/Documents/Unreal Projects/AndroidRunner/Content/myfolders/gui/playerhp.uasset" 38
"../../../../../../Users/User/Documents/Unreal Projects/AndroidRunner/Content/ThirdPersonBP/Blueprints/ThirdPersonCharacter.uasset" 39
"../../../../../../Users/User/Documents/Unreal Projects/AndroidRunner/Content/myfolders/winscreens/winscreen0.uasset" 40
"../../../../../../Users/User/Documents/Unreal Projects/AndroidRunner/Content/myfolders/winscreens/triggettowin0.uasset" 41
"../../../../../../Users/User/Documents/Unreal Projects/AndroidRunner/Content/myfolders/gui/triggettowin.uasset" 42
"../../../../../../Users/User/Documents/Unreal Projects/AndroidRunner/Content/myfolders/gui/winscreen.uasset" 43
"../../../../../../Users/User/Documents/Unreal Projects/AndroidRunner/Content/myfolders/material/6level/floor6th.uasset" 44
"../../../../../../Users/User/Documents/Unreal Projects/AndroidRunner/Content/myfolders/material/6level/i_1_.uasset" 45
"../../../../../../Users/User/Documents/Unreal Projects/AndroidRunner/Content/myfolders/menu/images1.uasset" 46
"../../../Engine/Content/Functions/Engine_MaterialFunctions02/Utility/BreakOutFloat2Components.uasset" 47
"../../../Engine/Content/EngineMaterials/HighResScreenshotCaptureRegion.uasset" 48
"../../../../../../Users/User/Documents/Unreal Projects/AndroidRunner/Content/myfolders/plusminus/material/badmaterial.uasset" 49
"../../../Engine/Content/Functions/Engine_MaterialFunctions01/Opacity/CameraDepthFade.uasset" 50
"../../../Engine/Content/EngineMaterials/T_Default_Material_Grid_M.uasset" 51
"../../../Engine/Content/EngineMaterials/T_Default_Material_Grid_N.uasset" 52
"../../../Engine/Content/EngineMaterials/WorldGridMaterial.uasset" 53
"../../../Engine/Content/BasicShapes/Cube.uasset" 54
"../../../../../../Users/User/Documents/Unreal Projects/AndroidRunner/Content/myfolders/sounds/bad0.uasset" 55
"../../../../../../Users/User/Documents/Unreal Projects/AndroidRunner/Content/myfolders/sounds/badsound.uasset" 56
"../../../../../../Users/User/Documents/Unreal Projects/AndroidRunner/Content/myfolders/plusminus/solo/min250.uasset" 57
"../../../../../../Users/User/Documents/Unreal Projects/AndroidRunner/Content/myfolders/plusminus/min250.uasset" 58
"../../../../../../Users/User/Documents/Unreal Projects/AndroidRunner/Content/myfolders/plusminus/material/goodmaterial.uasset" 59
"../../../../../../Users/User/Documents/Unreal Projects/AndroidRunner/Content/myfolders/sounds/good0.uasset" 60
"../../../../../../Users/User/Documents/Unreal Projects/AndroidRunner/Content/myfolders/sounds/goodsound.uasset" 61
"../../../../../../Users/User/Documents/Unreal Projects/AndroidRunner/Content/myfolders/plusminus/solo/pl250.uasset" 62
"../../../../../../Users/User/Documents/Unreal Projects/AndroidRunner/Content/myfolders/plusminus/pl250.uasset" 63
"../../../../../../Users/User/Documents/Unreal Projects/AndroidRunner/Content/myfolders/plusminus/own.uasset" 64
"../../../../../../Users/User/Documents/Unreal Projects/AndroidRunner/Content/myfolders/plusminus/movable/movpl250.uasset" 65
"../../../../../../Users/User/Documents/Unreal Projects/AndroidRunner/Content/myfolders/plusminus/movable/movmin250.uasset" 66
"../../../../../../Users/User/Documents/Unreal Projects/AndroidRunner/Content/myfolders/plusminus/solo/movmin250.uasset" 67
"../../../../../../Users/User/Documents/Unreal Projects/AndroidRunner/Content/myfolders/plusminus/movable/movmulti2.uasset" 68
"../../../../../../Users/User/Documents/Unreal Projects/AndroidRunner/Content/myfolders/plusminus/solo/movmulti2.uasset" 69
"../../../../../../Users/User/Documents/Unreal Projects/AndroidRunner/Content/myfolders/plusminus/solo/multi2.uasset" 70
"../../../../../../Users/User/Documents/Unreal Projects/AndroidRunner/Content/myfolders/tinter/NewTouchInterface.uasset" 71
"../../../../../../Users/User/Documents/Unreal Projects/AndroidRunner/Content/myfolders/winscreens/winscreen3.uasset" 72
"../../../../../../Users/User/Documents/Unreal Projects/AndroidRunner/Content/myfolders/winscreens/triggettowin33.uasset" 73
"../../../../../../Users/User/Documents/Unreal Projects/AndroidRunner/Content/myfolders/winscreens/triggettowin2.uasset" 74
"../../../../../../Users/User/Documents/Unreal Projects/AndroidRunner/Content/myfolders/winscreens/winscreen2.uasset" 75
"../../../../../../Users/User/Documents/Unreal Projects/AndroidRunner/Content/myfolders/winscreens/triggettowin22.uasset" 76
"../../../../../../Users/User/Documents/Unreal Projects/AndroidRunner/Content/myfolders/winscreens/triggettowin34.uasset" 77
"../../../../../../Users/User/Documents/Unreal Projects/AndroidRunner/Content/myfolders/winscreens/triggettowin3.uasset" 78
"../../../../../../Users/User/Documents/Unreal Projects/AndroidRunner/Content/ThirdPersonBP/ThirdPersonOverview.uasset" 79
"../../../../../../Users/User/Documents/Unreal Projects/AndroidRunner/Content/ThirdPersonBP/Blueprints/thirdpersonpc.uasset" 80
"../../../../../../Users/User/Documents/Unreal Projects/AndroidRunner/Content/ThirdPersonBP/Blueprints/ThirdPersonGameMode.uasset" 81
"../../../Engine/Content/Animation/DefaultAnimCurveCompressionSettings.uasset" 82
"../../../Engine/Content/ArtTools/RenderToTexture/Meshes/S_1_Unit_Plane.uasset" 83
"../../../Engine/Content/EngineMaterials/DefaultMaterial.uasset" 84
"../../../Engine/Content/BasicShapes/Cone.uasset" 85
"../../../Engine/Content/BasicShapes/Cylinder.uasset" 86
"../../../Engine/Content/BasicShapes/Plane.uasset" 87
"../../../Engine/Content/BasicShapes/Sphere.uasset" 88
"../../../Engine/Content/EditorLandscapeResources/DataLayer.uasset" 89
"../../../Engine/Content/EditorMaterials/MAT_Groups_Toggle.uasset" 90
"../../../Engine/Content/EditorMaterials/MAT_Groups_Visibility.uasset" 91
"../../../Engine/Content/EditorMaterials/PreviewShadowIndicator.uasset" 92
"../../../Engine/Content/EditorMaterials/PreviewShadowIndicatorMaterial.uasset" 93
"../../../Engine/Content/EditorMaterials/MatineeGroups/MAT_ColorTrack.uasset" 94
"../../../Engine/Content/EditorMaterials/MatineeGroups/MAT_Groups_Anim.uasset" 95
"../../../Engine/Content/EditorMaterials/MatineeGroups/MAT_Groups_AudioMaster.uasset" 96
"../../../Engine/Content/EditorMaterials/MatineeGroups/MAT_Groups_Director.uasset" 97
"../../../Engine/Content/EditorMaterials/MatineeGroups/MAT_Groups_Event.uasset" 98
"../../../Engine/Content/EditorMaterials/MatineeGroups/MAT_Groups_Fade.uasset" 99
"../../../Engine/Content/EditorMaterials/MatineeGroups/MAT_Groups_Float.uasset" 100
"../../../Engine/Content/EditorMaterials/MatineeGroups/MAT_Groups_Move.uasset" 101
"../../../Engine/Content/EditorMaterials/MatineeGroups/MAT_Groups_Slomo.uasset" 102
"../../../Engine/Content/EditorMaterials/MatineeGroups/MAT_Groups_Sound.uasset" 103
"../../../Engine/Content/EditorMaterials/MatineeGroups/MAT_Groups_Vector.uasset" 104
"../../../Engine/Content/EditorMaterials/ParticleSystems/PSysThumbnail_NoImage.uasset" 105
"../../../Engine/Content/EditorMaterials/ParticleSystems/PSysThumbnail_OOD.uasset" 106
"../../../Engine/Content/EditorMaterials/Camera/CineMat.uasset" 107
"../../../Engine/Content/EditorMaterials/Camera/MI_CineMat_Rig.uasset" 108
"../../../Engine/Content/EditorMeshes/Camera/SM_CraneRig_Arm.uasset" 109
"../../../Engine/Content/EditorMeshes/Camera/SM_CraneRig_Base.uasset" 110
"../../../Engine/Content/EditorMeshes/Camera/SM_CraneRig_Body.uasset" 111
"../../../Engine/Content/EditorMeshes/Camera/SM_CraneRig_Mount.uasset" 112
"../../../Engine/Content/EditorMeshes/Camera/SM_RailRig_Mount.uasset" 113
"../../../Engine/Content/EditorMeshes/Camera/SM_RailRig_Track.uasset" 114
"../../../Engine/Content/EditorResources/BSPVertex.uasset" 115
"../../../Engine/Content/EditorResources/EmptyActor.uasset" 116
"../../../Engine/Content/EditorResources/S_Actor.uasset" 117
"../../../Engine/Content/EditorResources/S_Note.uasset" 118
"../../../Engine/Content/EditorResources/S_Solver.uasset" 119
"../../../Engine/Content/EditorResources/S_Trigger.uasset" 120
"../../../Engine/Content/EditorResources/LightIcons/S_LightError.uasset" 121
"../../../Engine/Content/EditorResources/SequenceRecorder/Countdown.uasset" 122
"../../../Engine/Content/EditorResources/SequenceRecorder/RecordingIndicator.uasset" 123
"../../../Engine/Content/EditorSounds/Notifications/CompileFailed.uasset" 124
"../../../Engine/Content/EditorSounds/Notifications/CompileFailed_Cue.uasset" 125
"../../../Engine/Content/EditorSounds/Notifications/CompileSuccess.uasset" 126
"../../../Engine/Content/EditorSounds/Notifications/CompileStart_Cue.uasset" 127
"../../../Engine/Content/EditorSounds/Notifications/CompileSuccess_Cue.uasset" 128
"../../../Engine/Content/EngineDamageTypes/DmgTypeBP_Environmental.uasset" 129
"../../../Engine/Content/EngineDebugMaterials/DebugEditorMaterial.uasset" 130
"../../../Engine/Content/EngineDebugMaterials/DebugMeshMaterial.uasset" 131
"../../../Engine/Content/EngineDebugMaterials/M_SimpleUnlitTranslucent.uasset" 132
"../../../Engine/Content/Functions/Engine_MaterialFunctions02/Utility/CameraDirectionVector.uasset" 133
"../../../Engine/Content/EngineDebugMaterials/VolumeToRender.uasset" 134
"../../../Engine/Content/EngineDebugMaterials/M_VolumeRenderSphereTracePP.uasset" 135
"../../../Engine/Content/EngineDebugMaterials/WireframeMaterial.uasset" 136
"../../../Engine/Content/EngineFonts/Faces/DroidSansFallback.uasset" 137
"../../../Engine/Content/EngineFonts/Faces/RobotoBold.uasset" 138
"../../../Engine/Content/EngineFonts/Faces/RobotoBoldItalic.uasset" 139
"../../../Engine/Content/EngineFonts/Faces/RobotoItalic.uasset" 140
"../../../Engine/Content/EngineFonts/Faces/RobotoLight.uasset" 141
"../../../Engine/Content/EngineFonts/Faces/RobotoRegular.uasset" 142
"../../../Engine/Content/EngineFonts/Roboto.uasset" 143
"../../../Engine/Content/EngineMaterials/BaseFlattenDiffuseMap.uasset" 144
"../../../Engine/Content/EngineMaterials/BaseFlattenEmissiveMap.uasset" 145
"../../../Engine/Content/EngineMaterials/BaseFlattenGrayscaleMap.uasset" 146
"../../../Engine/Content/EngineMaterials/BaseFlattenNormalMap.uasset" 147
"../../../Engine/Content/EngineMaterials/BaseFlattenMaterial.uasset" 148
"../../../Engine/Content/EngineMaterials/BlueNoise.uasset" 149
"../../../Engine/Content/EngineMaterials/DefaultBloomKernel.uasset" 150
"../../../Engine/Content/EngineMaterials/DefaultBokeh.uasset" 151
"../../../Engine/Content/EngineMaterials/DefaultDiffuse.uasset" 152
"../../../Engine/Content/EngineMaterials/DefaultDeferredDecalMaterial.uasset" 153
"../../../Engine/Content/EngineMaterials/DefaultLightFunctionMaterial.uasset" 154
"../../../Engine/Content/EngineMaterials/DefaultPhysicalMaterial.uasset" 155
"../../../Engine/Content/EngineMaterials/DefaultPostProcessMaterial.uasset" 156
"../../../Engine/Content/EngineFonts/RobotoDistanceField.uasset" 157
"../../../Engine/Content/EngineMaterials/DefaultTextMaterialOpaque.uasset" 158
"../../../Engine/Content/EngineMaterials/DefaultWhiteGrid.uasset" 159
"../../../Engine/Content/EngineMaterials/DefaultWhiteGrid_Low.uasset" 160
"../../../Engine/Content/EngineMaterials/EmissiveMeshMaterial.uasset" 161
"../../../Engine/Content/EngineMaterials/GizmoMaterial.uasset" 162
"../../../Engine/Content/EngineMaterials/Good64x64TilingNoiseHighFreq.uasset" 163
"../../../Engine/Content/EngineMaterials/MiniFont.uasset" 164
"../../../Engine/Content/EngineMaterials/InvalidLightmapSettings.uasset" 165
"../../../Engine/Content/EngineMaterials/M_InvalidLightmapSettings.uasset" 166
"../../../Engine/Content/Functions/Engine_MaterialFunctions02/WorldPositionOffset/CameraOffset.uasset" 167
"../../../Engine/Content/EngineMaterials/PhAT_JointLimitMaterial.uasset" 168
"../../../Engine/Content/EngineMaterials/PreintegratedSkinBRDF.uasset" 169
"../../../Engine/Content/EngineMaterials/RemoveSurfaceMaterial.uasset" 170
"../../../Engine/Content/EngineMaterials/WeightMapPlaceholderTexture.uasset" 171
"../../../Engine/Content/EngineResources/WhiteSquareTexture.uasset" 172
"../../../Engine/Content/EngineMaterials/Widget3DPassThrough.uasset" 173
"../../../Engine/Content/EngineMaterials/Widget3DPassThrough_Masked.uasset" 174
"../../../Engine/Content/EngineMaterials/Widget3DPassThrough_Opaque.uasset" 175
"../../../Engine/Content/EngineMaterials/Widget3DPassThrough_Masked_OneSided.uasset" 176
"../../../Engine/Content/EngineMaterials/Widget3DPassThrough_Opaque_OneSided.uasset" 177
"../../../Engine/Content/EngineMaterials/Widget3DPassThrough_Translucent.uasset" 178
"../../../Engine/Content/EngineMaterials/Widget3DPassThrough_Translucent_OneSided.uasset" 179
"../../../Engine/Content/EngineMeshes/Cylinder.uasset" 180
"../../../Engine/Content/EngineMeshes/Sphere.uasset" 181
"../../../Engine/Content/EngineResources/Black.uasset" 182
"../../../Engine/Content/EngineResources/DefaultTexture.uasset" 183
"../../../Engine/Content/EngineResources/DefaultTextureCube.uasset" 184
"../../../Engine/Content/EngineResources/DefaultVolumeTexture2D.uasset" 185
"../../../Engine/Content/EngineResources/DefaultVolumeTexture.uasset" 186
"../../../Engine/Content/EngineResources/GradientTexture0.uasset" 187
"../../../Engine/Content/EngineSounds/Master.uasset" 188
"../../../Engine/Content/Functions/Engine_MaterialFunctions01/Shading/ConvertFromDiffSpec.uasset" 189
"../../../Engine/Content/Functions/Engine_MaterialFunctions01/Shading/PowerToRoughness.uasset" 190
"../../../Engine/Content/Maps/Templates/Thumbnails/Default.uasset" 191
"../../../Engine/Content/Maps/Templates/Thumbnails/TimeOfDay.uasset" 192
"../../../Engine/Content/Maps/Templates/Thumbnails/VR-Basic.uasset" 193
"../../../Engine/Content/MobileResources/T_MobileControls_texture.uasset" 194
"../../../Engine/Content/MobileResources/T_MobileMenu2.uasset" 195
"../../../Engine/Content/MobileResources/HUD/AnalogHat.uasset" 196
"../../../Engine/Content/MobileResources/HUD/VirtualJoystick_Background.uasset" 197
"../../../Engine/Content/MobileResources/HUD/VirtualJoystick_Thumb.uasset" 198
"../../../Engine/Content/MobileResources/HUD/DefaultVirtualJoysticks.uasset" 199
"../../../Engine/Content/MobileResources/HUD/LeftVirtualJoystickOnly.uasset" 200
"../../../Engine/Content/MobileResources/HUD/MobileHUDButton1_off.uasset" 201
"../../../Engine/Content/MobileResources/HUD/MobileHUDButton1_on.uasset" 202
"../../../Engine/Content/MobileResources/HUD/MobileHUDButton2_off.uasset" 203
"../../../Engine/Content/MobileResources/HUD/MobileHUDButton2_on.uasset" 204
"../../../Engine/Content/MobileResources/HUD/MobileHUDButton3.uasset" 205
"../../../Engine/Content/MobileResources/HUD/MobileHUDButtonFire.uasset" 206
"../../../Engine/Content/MobileResources/HUD/MobileHUDDirectionPad.uasset" 207
"../../../Engine/Content/MobileResources/HUD/MobileHUDDirectionPad2.uasset" 208
"../../../Engine/Content/MobileResources/HUD/MobileHUDDirectionPad3.uasset" 209
"../../../Engine/Content/MobileResources/HUD/MobileHUDDirectionStick.uasset" 210
"../../../Engine/Content/MobileResources/HUD/T_Castle_ThumbstickInner.uasset" 211
"../../../Engine/Content/MobileResources/HUD/T_Castle_ThumbstickOutter.uasset" 212
"../../../Engine/Content/Tutorial/ContentIntroCurve.uasset" 213
"../../../Engine/Content/Tutorial/Basics/LevelEditorAttract.uasset" 214
"../../../Engine/Content/Tutorial/Landscape/TutorialAssets/Landscape.uasset" 215
"../../../Engine/Content/Tutorial/Landscape/LandscapeWalkThrough.uasset" 216
"../../../Engine/Content/Tutorial/Landscape/Landscape_Manage_Mode.uasset" 217
"../../../Engine/Content/Tutorial/Landscape/Landscape_Painting_Mode.uasset" 218
"../../../Engine/Content/Tutorial/Landscape/Landscape_Sculpt_Mode.uasset" 219
"../../../Engine/Content/Tutorial/SubEditors/GettingSubstance.uasset" 220
"../../../Engine/Content/VREditor/LaserPointer/VR_LaserPower_01.uasset" 221
"../../../Engine/Content/VREditor/TransformGizmo/TransformGizmoMaterial.uasset" 222
"../../../Engine/Content/VREditor/TransformGizmo/TranslucentTransformGizmoMaterial.uasset" 223
"../../../Engine/Content/VREditor/TransformGizmo/BoundingBoxCorner.uasset" 224
"../../../Engine/Content/VREditor/TransformGizmo/BoundingBoxEdge.uasset" 225
"../../../Engine/Content/VREditor/TransformGizmo/PlaneTranslationHandle.uasset" 226
"../../../Engine/Content/VREditor/TransformGizmo/Main.uasset" 227
"../../../Engine/Content/VREditor/TransformGizmo/Xray.uasset" 228
"../../../Engine/Content/VREditor/TransformGizmo/SM_Sequencer_Key.uasset" 229
"../../../Engine/Content/VREditor/TransformGizmo/SM_Sequencer_Node.uasset" 230
"../../Plugins/2D/Paper2D/Content/PlaceholderTextures/DummySpriteTexture.uasset" 231
"../../Plugins/2D/Paper2D/Content/DummySprite.uasset" 232
"../../Plugins/2D/Paper2D/Content/DefaultPaperTerrainMaterial.uasset" 233
"../../Plugins/2D/Paper2D/Content/DefaultSpriteMaterial.uasset" 234
"../../Plugins/2D/Paper2D/Content/MaskedUnlitSpriteMaterial.uasset" 235
"../../Plugins/2D/Paper2D/Content/OpaqueUnlitSpriteMaterial.uasset" 236
"../../Plugins/FX/Niagara/Content/Enums/ENiagaraBooleanLogicOps.uasset" 237
"../../Plugins/FX/Niagara/Content/Enums/ENiagaraCoordinateSpace.uasset" 238
"../../Plugins/FX/Niagara/Content/Enums/ENiagaraExpansionMode.uasset" 239
"../../Plugins/FX/Niagara/Content/Enums/ENiagaraOrientationAxis.uasset" 240
"../../Plugins/FX/Niagara/Content/Enums/ENiagaraRandomnessMode.uasset" 241
"../../../Engine/Content/Functions/Engine_MaterialFunctions02/Utility/BreakOutFloat4Components.uasset" 242
"../../../Engine/Content/Functions/Engine_MaterialFunctions02/Utility/MakeFloat2.uasset" 243
"../../../Engine/Content/Functions/Engine_MaterialFunctions02/Utility/MakeFloat3.uasset" 244
"../../Plugins/Runtime/Oculus/OculusVR/Content/Materials/OculusMR_ChromaKey.uasset" 245
"../../Plugins/Runtime/Oculus/OculusVR/Content/Materials/OculusMR_ChromaKey_Lit.uasset" 246
"../../Plugins/Runtime/Oculus/OculusVR/Content/Materials/OculusMR_OpaqueColoredMaterial.uasset" 247
"../../Plugins/Runtime/Oculus/OculusVR/Content/Materials/OculusMR_WhiteMaterial.uasset" 248
"../../../Engine/Content/EngineSky/C_Sky_Cloud_Color.uasset" 249
"../../../Engine/Content/EngineSky/C_Sky_Horizon_Color.uasset" 250
"../../../Engine/Content/EngineSky/C_Sky_Zenith_Color.uasset" 251
"../../../Engine/Content/EngineSky/T_Sky_Blue.uasset" 252
"../../../Engine/Content/EngineSky/T_Sky_Clouds_M.uasset" 253
"../../../Engine/Content/EngineSky/T_Sky_Stars.uasset" 254
"../../../Engine/Content/EngineSky/M_Sky_Panning_Clouds2.uasset" 255
"../../../Engine/Content/EngineSky/SM_SkySphere.uasset" 256
"../../../Engine/Content/EngineSky/BP_Sky_Sphere.uasset" 257
"../../../../../../Users/User/Documents/Unreal Projects/AndroidRunner/Content/myfolders/plusminus/double/250lbrg.uasset" 258
"../../../../../../Users/User/Documents/Unreal Projects/AndroidRunner/Content/myfolders/plusminus/double/250lgrb.uasset" 259
"../../../../../../Users/User/Documents/Unreal Projects/AndroidRunner/Content/myfolders/plusminus/double/250twogood.uasset" 260
"../../../Engine/Content/VREditor/UI/KeyDiskMaterial.uasset" 261
"../../../Engine/Content/VREditor/UI/DiscMaterial.uasset" 262
"../../../../../../Users/User/Documents/Unreal Projects/AndroidRunner/Content/myfolders/Levels/1Level.umap" 263
"../../../../../../Users/User/Documents/Unreal Projects/AndroidRunner/Content/myfolders/winscreens/winscreen1.uasset" 264
"../../../../../../Users/User/Documents/Unreal Projects/AndroidRunner/Content/myfolders/winscreens/triggettowin1.uasset" 265
"../../../../../../Users/User/Documents/Unreal Projects/AndroidRunner/Content/myfolders/plusminus/solo/devide2.uasset" 266
"../../../../../../Users/User/Documents/Unreal Projects/AndroidRunner/Content/myfolders/Levels/2Level.umap" 267
"../../../../../../Users/User/Documents/Unreal Projects/AndroidRunner/Content/myfolders/plusminus/double/250twobad.uasset" 268
"../../../../../../Users/User/Documents/Unreal Projects/AndroidRunner/Content/myfolders/plusminus/movable/movdevide2.uasset" 269
"../../../../../../Users/User/Documents/Unreal Projects/AndroidRunner/Content/myfolders/Levels/3Level.umap" 270
"../../../../../../Users/User/Documents/Unreal Projects/AndroidRunner/Content/myfolders/Levels/4Level.umap" 271
"../../../../../../Users/User/Documents/Unreal Projects/AndroidRunner/Content/myfolders/animation/dance/DancingTwerk_1_4UE4.uasset" 272
"../../../../../../Users/User/Documents/Unreal Projects/AndroidRunner/Content/myfolders/winscreens/winscreen4.uasset" 273
"../../../../../../Users/User/Documents/Unreal Projects/AndroidRunner/Content/myfolders/winscreens/triggettowin4.uasset" 274
"../../../../../../Users/User/Documents/Unreal Projects/AndroidRunner/Content/myfolders/Levels/5Level.umap" 275
"../../../../../../Users/User/Documents/Unreal Projects/AndroidRunner/Content/myfolders/winscreens/triggettowin5.uasset" 276
"../../../Engine/Content/EditorMaterials/WidgetMaterial_Z.uasset" 277
"../../../../../../Users/User/Documents/Unreal Projects/AndroidRunner/Content/myfolders/Levels/6Level.umap" 278
"../../../../../../Users/User/Documents/Unreal Projects/AndroidRunner/Content/myfolders/menu/mainmenupawn.uasset" 279
"../../../../../../Users/User/Documents/Unreal Projects/AndroidRunner/Content/myfolders/menu/widgetmenu.uasset" 280
"../../../../../../Users/User/Documents/Unreal Projects/AndroidRunner/Content/myfolders/menu/mainmenuplayercontroller.uasset" 281
"../../../../../../Users/User/Documents/Unreal Projects/AndroidRunner/Content/myfolders/menu/mainmenugamemode.uasset" 282
"../../../../../../Users/User/Documents/Unreal Projects/AndroidRunner/Content/myfolders/menu/menulvl.umap" 283
"../../../../../../Users/User/Documents/Unreal Projects/AndroidRunner/Content/ThirdPersonBP/Maps/ThirdPersonExampleMap_BuiltData.uasset" 284
"../../../../../../Users/User/Documents/Unreal Projects/AndroidRunner/Content/Geometry/Meshes/CubeMaterial.uasset" 285
"../../../../../../Users/User/Documents/Unreal Projects/AndroidRunner/Content/Geometry/Meshes/1M_Cube.uasset" 286
"../../../../../../Users/User/Documents/Unreal Projects/AndroidRunner/Content/Geometry/Meshes/1M_Cube_Chamfer.uasset" 287
"../../../../../../Users/User/Documents/Unreal Projects/AndroidRunner/Content/Geometry/Meshes/TemplateFloor.uasset" 288
"../../../../../../Users/User/Documents/Unreal Projects/AndroidRunner/Content/ThirdPerson/Meshes/RampMaterial.uasset" 289
"../../../../../../Users/User/Documents/Unreal Projects/AndroidRunner/Content/ThirdPerson/Meshes/Bump_StaticMesh.uasset" 290
"../../../../../../Users/User/Documents/Unreal Projects/AndroidRunner/Content/ThirdPerson/Meshes/LeftArm_StaticMesh.uasset" 291
"../../../../../../Users/User/Documents/Unreal Projects/AndroidRunner/Content/ThirdPerson/Meshes/Linear_Stair_StaticMesh.uasset" 292
"../../../../../../Users/User/Documents/Unreal Projects/AndroidRunner/Content/ThirdPerson/Meshes/Ramp_StaticMesh.uasset" 293
"../../../../../../Users/User/Documents/Unreal Projects/AndroidRunner/Content/ThirdPerson/Meshes/RightArm_StaticMesh.uasset" 294
"../../../../../../Users/User/Documents/Unreal Projects/AndroidRunner/Content/ThirdPersonBP/Maps/ThirdPersonExampleMap.umap" 295
"../../../Engine/Content/Maps/Entry_BuiltData.uasset" 296
"../../../Engine/Content/Maps/Entry.umap" 297
