"../../../../../../Users/User/Documents/Unreal Projects/AndroidRunner/Content/Mannequin/Character/Mesh/SK_Mannequin_Skeleton.uasset" 0
"../../../../../../Users/User/Documents/Unreal Projects/AndroidRunner/Content/Mannequin/Animations/ThirdPerson_Jump.uasset" 1
"../../../../../../Users/User/Documents/Unreal Projects/AndroidRunner/Content/Mannequin/Character/Mesh/SK_Mannequin_PhysicsAsset.uasset" 2
"../../../Engine/Content/Animation/DefaultAnimBoneCompressionSettings.uasset" 3
"../../../../../../Users/User/Documents/Unreal Projects/AndroidRunner/Content/myfolders/animation/dance/DancingTwerk_1_4UE4.uasset" 4
"../../../../../../Users/User/Documents/Unreal Projects/AndroidRunner/Content/myfolders/animation/dance/Flair4UE4.uasset" 5
"../../../../../../Users/User/Documents/Unreal Projects/AndroidRunner/Content/myfolders/animation/dance/HeadSpinning4UE4.uasset" 6
"../../../../../../Users/User/Documents/Unreal Projects/AndroidRunner/Content/myfolders/animation/dance/SillyDancing4UE4.uasset" 7
"../../../../../../Users/User/Documents/Unreal Projects/AndroidRunner/Content/myfolders/dancingchar/danceformenu.uasset" 8
"../../../Engine/Content/Functions/Engine_MaterialFunctions02/Utility/BlendAngleCorrectedNormals.uasset" 9
"../../../Engine/Content/Functions/MaterialLayerFunctions/MatLayerBlend_NormalBlend.uasset" 10
"../../../Engine/Content/Functions/MaterialLayerFunctions/MatLayerBlend_Simple.uasset" 11
"../../../../../../Users/User/Documents/Unreal Projects/AndroidRunner/Content/Mannequin/Character/Materials/MaterialLayers/T_ML_Rubber_Blue_01_D.uasset" 12
"../../../../../../Users/User/Documents/Unreal Projects/AndroidRunner/Content/Mannequin/Character/Materials/MaterialLayers/T_ML_Rubber_Blue_01_N.uasset" 13
"../../../../../../Users/User/Documents/Unreal Projects/AndroidRunner/Content/Mannequin/Character/Materials/MaterialLayers/ML_GlossyBlack_Latex_UE4.uasset" 14
"../../../../../../Users/User/Documents/Unreal Projects/AndroidRunner/Content/Mannequin/Character/Materials/MaterialLayers/ML_Plastic_Shiny_Beige.uasset" 15
"../../../../../../Users/User/Documents/Unreal Projects/AndroidRunner/Content/Mannequin/Character/Textures/UE4_LOGO_CARD.uasset" 16
"../../../../../../Users/User/Documents/Unreal Projects/AndroidRunner/Content/Mannequin/Character/Materials/MaterialLayers/ML_Plastic_Shiny_Beige_LOGO.uasset" 17
"../../../../../../Users/User/Documents/Unreal Projects/AndroidRunner/Content/Mannequin/Character/Materials/MaterialLayers/T_ML_Aluminum01.uasset" 18
"../../../../../../Users/User/Documents/Unreal Projects/AndroidRunner/Content/Mannequin/Character/Materials/MaterialLayers/T_ML_Aluminum01_N.uasset" 19
"../../../../../../Users/User/Documents/Unreal Projects/AndroidRunner/Content/Mannequin/Character/Materials/MaterialLayers/ML_SoftMetal_UE4.uasset" 20
"../../../../../../Users/User/Documents/Unreal Projects/AndroidRunner/Content/Mannequin/Character/Textures/T_UE4_Mannequin_Mobile_M.uasset" 21
"../../../../../../Users/User/Documents/Unreal Projects/AndroidRunner/Content/Mannequin/Character/Textures/T_UE4_Mannequin_Mobile_N.uasset" 22
"../../../../../../Users/User/Documents/Unreal Projects/AndroidRunner/Content/Mannequin/Character/Materials/M_UE4Man_Body.uasset" 23
"../../../../../../Users/User/Documents/Unreal Projects/AndroidRunner/Content/Mannequin/Character/Textures/UE4Man_Logo_N.uasset" 24
"../../../../../../Users/User/Documents/Unreal Projects/AndroidRunner/Content/Mannequin/Character/Materials/M_UE4Man_ChestLogo.uasset" 25
"../../../../../../Users/User/Documents/Unreal Projects/AndroidRunner/Content/Mannequin/Character/Mesh/SK_Mannequin_Physics.uasset" 26
"../../../../../../Users/User/Documents/Unreal Projects/AndroidRunner/Content/Mannequin/Character/Mesh/SK_Mannequin.uasset" 27
"../../../../../../Users/User/Documents/Unreal Projects/AndroidRunner/Content/myfolders/dancingchar/dancingchar.uasset" 28
"../../../../../../Users/User/Documents/Unreal Projects/AndroidRunner/Content/Mannequin/Animations/ThirdPersonJump_End.uasset" 29
"../../../../../../Users/User/Documents/Unreal Projects/AndroidRunner/Content/Mannequin/Animations/ThirdPersonJump_Loop.uasset" 30
"../../../../../../Users/User/Documents/Unreal Projects/AndroidRunner/Content/Mannequin/Animations/ThirdPersonJump_Start.uasset" 31
"../../../../../../Users/User/Documents/Unreal Projects/AndroidRunner/Content/Mannequin/Animations/ThirdPersonIdle.uasset" 32
"../../../../../../Users/User/Documents/Unreal Projects/AndroidRunner/Content/Mannequin/Animations/ThirdPersonRun.uasset" 33
"../../../../../../Users/User/Documents/Unreal Projects/AndroidRunner/Content/Mannequin/Animations/ThirdPersonWalk.uasset" 34
"../../../../../../Users/User/Documents/Unreal Projects/AndroidRunner/Content/Mannequin/Animations/ThirdPerson_IdleRun_2D.uasset" 35
"../../../Engine/Content/EditorBlueprintResources/StandardMacros.uasset" 36
"../../../../../../Users/User/Documents/Unreal Projects/AndroidRunner/Content/Mannequin/Animations/ThirdPerson_AnimBP.uasset" 37
"../../../../../../Users/User/Documents/Unreal Projects/AndroidRunner/Content/myfolders/gui/soundonoff/SFX.uasset" 38
"../../../../../../Users/User/Documents/Unreal Projects/AndroidRunner/Content/myfolders/gui/soundonoff/SFXCLASS.uasset" 39
"../../../../../../Users/User/Documents/Unreal Projects/AndroidRunner/Content/myfolders/gui/fail.uasset" 40
"../../../../../../Users/User/Documents/Unreal Projects/AndroidRunner/Content/myfolders/gui/loosescreen.uasset" 41
"../../../../../../Users/User/Documents/Unreal Projects/AndroidRunner/Content/myfolders/gui/icons/setting.uasset" 42
"../../../../../../Users/User/Documents/Unreal Projects/AndroidRunner/Content/myfolders/gui/playerhp.uasset" 43
"../../../../../../Users/User/Documents/Unreal Projects/AndroidRunner/Content/myfolders/gui/icons/exit.uasset" 44
"../../../../../../Users/User/Documents/Unreal Projects/AndroidRunner/Content/myfolders/gui/icons/piramoeuol.uasset" 45
"../../../../../../Users/User/Documents/Unreal Projects/AndroidRunner/Content/myfolders/gui/icons/sound.uasset" 46
"../../Plugins/2D/Paper2D/Content/PlaceholderTextures/DummySpriteTexture.uasset" 47
"../../Plugins/2D/Paper2D/Content/DefaultSpriteMaterial.uasset" 48
"../../Plugins/2D/Paper2D/Content/TranslucentUnlitSpriteMaterial.uasset" 49
"../../../../../../Users/User/Documents/Unreal Projects/AndroidRunner/Content/myfolders/gui/icons/sound_Sprite.uasset" 50
"../../../../../../Users/User/Documents/Unreal Projects/AndroidRunner/Content/myfolders/gui/icons/soundoff.uasset" 51
"../../../../../../Users/User/Documents/Unreal Projects/AndroidRunner/Content/myfolders/gui/icons/soundoff_Sprite.uasset" 52
"../../../../../../Users/User/Documents/Unreal Projects/AndroidRunner/Content/myfolders/gui/soundforgui/menubut.uasset" 53
"../../../../../../Users/User/Documents/Unreal Projects/AndroidRunner/Content/myfolders/gui/soundforgui/swing.uasset" 54
"../../../../../../Users/User/Documents/Unreal Projects/AndroidRunner/Content/myfolders/gui/soundonoff/soundoff.uasset" 55
"../../../../../../Users/User/Documents/Unreal Projects/AndroidRunner/Content/myfolders/gui/soundonoff/soundon.uasset" 56
"../../../../../../Users/User/Documents/Unreal Projects/AndroidRunner/Content/myfolders/gui/settings.uasset" 57
"../../../../../../Users/User/Documents/Unreal Projects/AndroidRunner/Content/myfolders/gui/soundforgui/randombuttonsound.uasset" 58
"../../../../../../Users/User/Documents/Unreal Projects/AndroidRunner/Content/myfolders/gui/menu.uasset" 59
"../../../../../../Users/User/Documents/Unreal Projects/AndroidRunner/Content/myfolders/gui/winscreenn.uasset" 60
"../../../../../../Users/User/Documents/Unreal Projects/AndroidRunner/Content/ThirdPersonBP/Blueprints/ThirdPersonCharacter.uasset" 61
"../../../../../../Users/User/Documents/Unreal Projects/AndroidRunner/Content/myfolders/objects/finish/levelwinmusic.uasset" 62
"../../../../../../Users/User/Documents/Unreal Projects/AndroidRunner/Content/myfolders/objects/finish/triggertowin.uasset" 63
"../../../../../../Users/User/Documents/Unreal Projects/AndroidRunner/Content/myfolders/winscreens/triggertowin.uasset" 64
"../../../../../../Users/User/Documents/Unreal Projects/AndroidRunner/Content/myfolders/winscreens/triggettowin0.uasset" 65
"../../../../../../Users/User/Documents/Unreal Projects/AndroidRunner/Content/myfolders/gui/triggettowin.uasset" 66
"../../../../../../Users/User/Documents/Unreal Projects/AndroidRunner/Content/myfolders/gui/winscreen.uasset" 67
"../../../../../../Users/User/Documents/Unreal Projects/AndroidRunner/Content/myfolders/gui/soundforgui/UIsoundbutton0.uasset" 68
"../../../../../../Users/User/Documents/Unreal Projects/AndroidRunner/Content/myfolders/gui/soundforgui/UIsoundbutton1.uasset" 69
"../../../../../../Users/User/Documents/Unreal Projects/AndroidRunner/Content/myfolders/gui/soundforgui/UIsoundbutton3.uasset" 70
"../../../../../../Users/User/Documents/Unreal Projects/AndroidRunner/Content/myfolders/gui/soundforgui/UIsoundbutton4.uasset" 71
"../../../../../../Users/User/Documents/Unreal Projects/AndroidRunner/Content/myfolders/gui/soundforgui/UIsoundexit.uasset" 72
"../../../../../../Users/User/Documents/Unreal Projects/AndroidRunner/Content/myfolders/material/6level/floor6th.uasset" 73
"../../../../../../Users/User/Documents/Unreal Projects/AndroidRunner/Content/myfolders/material/6level/i_1_.uasset" 74
"../../../../../../Users/User/Documents/Unreal Projects/AndroidRunner/Content/myfolders/objects/finishline.uasset" 75
"../../../Engine/Content/EngineMaterials/EditorBrushMaterial.uasset" 76
"../../../Engine/Content/Functions/Engine_MaterialFunctions01/Opacity/CameraDepthFade.uasset" 77
"../../../Engine/Content/EngineMaterials/T_Default_Material_Grid_M.uasset" 78
"../../../Engine/Content/EngineMaterials/T_Default_Material_Grid_N.uasset" 79
"../../../Engine/Content/EngineMaterials/WorldGridMaterial.uasset" 80
"../../../Engine/Content/BasicShapes/Cube.uasset" 81
"../../../../../../Users/User/Documents/Unreal Projects/AndroidRunner/Content/myfolders/objects/finish/linefinish.uasset" 82
"../../../../../../Users/User/Documents/Unreal Projects/AndroidRunner/Content/myfolders/objects/finish/finishthing.uasset" 83
"../../../../../../Users/User/Documents/Unreal Projects/AndroidRunner/Content/myfolders/objects/finishthing.uasset" 84
"../../../../../../Users/User/Documents/Unreal Projects/AndroidRunner/Content/myfolders/objects/finish/flagmaterial.uasset" 85
"../../../Engine/Content/Functions/Engine_MaterialFunctions02/Utility/BreakOutFloat2Components.uasset" 86
"../../../Engine/Content/EngineMaterials/HighResScreenshotCaptureRegion.uasset" 87
"../../../../../../Users/User/Documents/Unreal Projects/AndroidRunner/Content/myfolders/plusminus/material/crazymaterial.uasset" 88
"../../../../../../Users/User/Documents/Unreal Projects/AndroidRunner/Content/myfolders/objects/finish/scoremulti/combosound/2.uasset" 89
"../../../../../../Users/User/Documents/Unreal Projects/AndroidRunner/Content/myfolders/objects/finish/scoremulti/scoremult2.uasset" 90
"../../../../../../Users/User/Documents/Unreal Projects/AndroidRunner/Content/myfolders/objects/finish/scoremulti/scoremult1.uasset" 91
"../../../../../../Users/User/Documents/Unreal Projects/AndroidRunner/Content/myfolders/plusminus/material/badmaterial.uasset" 92
"../../../../../../Users/User/Documents/Unreal Projects/AndroidRunner/Content/myfolders/sounds/bad0.uasset" 93
"../../../../../../Users/User/Documents/Unreal Projects/AndroidRunner/Content/myfolders/sounds/badsound.uasset" 94
"../../../../../../Users/User/Documents/Unreal Projects/AndroidRunner/Content/myfolders/plusminus/solo/min250.uasset" 95
"../../../../../../Users/User/Documents/Unreal Projects/AndroidRunner/Content/myfolders/plusminus/min250.uasset" 96
"../../../../../../Users/User/Documents/Unreal Projects/AndroidRunner/Content/myfolders/plusminus/material/goodmaterial.uasset" 97
"../../../../../../Users/User/Documents/Unreal Projects/AndroidRunner/Content/myfolders/sounds/goodsound2.uasset" 98
"../../../../../../Users/User/Documents/Unreal Projects/AndroidRunner/Content/myfolders/plusminus/solo/pl250.uasset" 99
"../../../../../../Users/User/Documents/Unreal Projects/AndroidRunner/Content/myfolders/plusminus/pl250.uasset" 100
"../../../../../../Users/User/Documents/Unreal Projects/AndroidRunner/Content/myfolders/plusminus/own.uasset" 101
"../../../../../../Users/User/Documents/Unreal Projects/AndroidRunner/Content/myfolders/plusminus/movable/movpl250.uasset" 102
"../../../../../../Users/User/Documents/Unreal Projects/AndroidRunner/Content/myfolders/plusminus/movable/movmin250.uasset" 103
"../../../../../../Users/User/Documents/Unreal Projects/AndroidRunner/Content/myfolders/plusminus/solo/movmin250.uasset" 104
"../../../../../../Users/User/Documents/Unreal Projects/AndroidRunner/Content/myfolders/plusminus/movable/movmulti2.uasset" 105
"../../../../../../Users/User/Documents/Unreal Projects/AndroidRunner/Content/myfolders/plusminus/solo/movmulti2.uasset" 106
"../../../../../../Users/User/Documents/Unreal Projects/AndroidRunner/Content/myfolders/plusminus/solo/multi2.uasset" 107
"../../../../../../Users/User/Documents/Unreal Projects/AndroidRunner/Content/myfolders/sounds/good0.uasset" 108
"../../../../../../Users/User/Documents/Unreal Projects/AndroidRunner/Content/myfolders/sounds/goodsound.uasset" 109
"../../../../../../Users/User/Documents/Unreal Projects/AndroidRunner/Content/myfolders/tinter/NewTouchInterface.uasset" 110
"../../../../../../Users/User/Documents/Unreal Projects/AndroidRunner/Content/myfolders/winscreens/triggettowin2.uasset" 111
"../../../../../../Users/User/Documents/Unreal Projects/AndroidRunner/Content/myfolders/winscreens/triggettowin34.uasset" 112
"../../../../../../Users/User/Documents/Unreal Projects/AndroidRunner/Content/myfolders/winscreens/triggettowin3.uasset" 113
"../../../../../../Users/User/Documents/Unreal Projects/AndroidRunner/Content/myfolders/objects/finish/triggertowinfive.uasset" 114
"../../../../../../Users/User/Documents/Unreal Projects/AndroidRunner/Content/myfolders/winscreens/triggertowinfive.uasset" 115
"../../../../../../Users/User/Documents/Unreal Projects/AndroidRunner/Content/myfolders/winscreens/triggettowin4.uasset" 116
"../../../../../../Users/User/Documents/Unreal Projects/AndroidRunner/Content/myfolders/winscreens/winscreen.uasset" 117
"../../../../../../Users/User/Documents/Unreal Projects/AndroidRunner/Content/myfolders/winscreens/winscreen0.uasset" 118
"../../../../../../Users/User/Documents/Unreal Projects/AndroidRunner/Content/ThirdPersonBP/ThirdPersonOverview.uasset" 119
"../../../../../../Users/User/Documents/Unreal Projects/AndroidRunner/Content/ThirdPersonBP/Blueprints/thirdpersonpc.uasset" 120
"../../../../../../Users/User/Documents/Unreal Projects/AndroidRunner/Content/ThirdPersonBP/Blueprints/ThirdPersonGameMode.uasset" 121
"../../../Engine/Content/Animation/DefaultAnimCurveCompressionSettings.uasset" 122
"../../../Engine/Content/ArtTools/RenderToTexture/Meshes/S_1_Unit_Plane.uasset" 123
"../../../Engine/Content/EngineMaterials/DefaultMaterial.uasset" 124
"../../../Engine/Content/BasicShapes/Cone.uasset" 125
"../../../Engine/Content/BasicShapes/Cylinder.uasset" 126
"../../../Engine/Content/BasicShapes/Plane.uasset" 127
"../../../Engine/Content/EditorLandscapeResources/DataLayer.uasset" 128
"../../../Engine/Content/EditorMaterials/MAT_Groups_Toggle.uasset" 129
"../../../Engine/Content/EditorMaterials/MAT_Groups_Visibility.uasset" 130
"../../../Engine/Content/EditorMaterials/PreviewShadowIndicator.uasset" 131
"../../../Engine/Content/EditorMaterials/PreviewShadowIndicatorMaterial.uasset" 132
"../../../Engine/Content/EditorMaterials/MatineeGroups/MAT_ColorTrack.uasset" 133
"../../../Engine/Content/EditorMaterials/MatineeGroups/MAT_Groups_Anim.uasset" 134
"../../../Engine/Content/EditorMaterials/MatineeGroups/MAT_Groups_AudioMaster.uasset" 135
"../../../Engine/Content/EditorMaterials/MatineeGroups/MAT_Groups_Director.uasset" 136
"../../../Engine/Content/EditorMaterials/MatineeGroups/MAT_Groups_Event.uasset" 137
"../../../Engine/Content/EditorMaterials/MatineeGroups/MAT_Groups_Fade.uasset" 138
"../../../Engine/Content/EditorMaterials/MatineeGroups/MAT_Groups_Float.uasset" 139
"../../../Engine/Content/EditorMaterials/MatineeGroups/MAT_Groups_Move.uasset" 140
"../../../Engine/Content/EditorMaterials/MatineeGroups/MAT_Groups_Slomo.uasset" 141
"../../../Engine/Content/EditorMaterials/MatineeGroups/MAT_Groups_Sound.uasset" 142
"../../../Engine/Content/EditorMaterials/MatineeGroups/MAT_Groups_Vector.uasset" 143
"../../../Engine/Content/EditorMaterials/ParticleSystems/PSysThumbnail_NoImage.uasset" 144
"../../../Engine/Content/EditorMaterials/ParticleSystems/PSysThumbnail_OOD.uasset" 145
"../../../Engine/Content/EditorMaterials/Camera/CineMat.uasset" 146
"../../../Engine/Content/EditorMaterials/Camera/MI_CineMat_Rig.uasset" 147
"../../../Engine/Content/EditorMeshes/Camera/SM_CraneRig_Arm.uasset" 148
"../../../Engine/Content/EditorMeshes/Camera/SM_CraneRig_Base.uasset" 149
"../../../Engine/Content/EditorMeshes/Camera/SM_CraneRig_Body.uasset" 150
"../../../Engine/Content/EditorMeshes/Camera/SM_CraneRig_Mount.uasset" 151
"../../../Engine/Content/EditorMeshes/Camera/SM_RailRig_Mount.uasset" 152
"../../../Engine/Content/EditorMeshes/Camera/SM_RailRig_Track.uasset" 153
"../../../Engine/Content/EditorResources/BSPVertex.uasset" 154
"../../../Engine/Content/EditorResources/EmptyActor.uasset" 155
"../../../Engine/Content/EditorResources/S_Actor.uasset" 156
"../../../Engine/Content/EditorResources/S_Note.uasset" 157
"../../../Engine/Content/EditorResources/S_Solver.uasset" 158
"../../../Engine/Content/EditorResources/S_Trigger.uasset" 159
"../../../Engine/Content/EditorResources/LightIcons/S_LightError.uasset" 160
"../../../Engine/Content/EditorResources/SequenceRecorder/Countdown.uasset" 161
"../../../Engine/Content/EditorResources/SequenceRecorder/RecordingIndicator.uasset" 162
"../../../Engine/Content/EditorSounds/Notifications/CompileFailed.uasset" 163
"../../../Engine/Content/EditorSounds/Notifications/CompileFailed_Cue.uasset" 164
"../../../Engine/Content/EditorSounds/Notifications/CompileSuccess.uasset" 165
"../../../Engine/Content/EditorSounds/Notifications/CompileStart_Cue.uasset" 166
"../../../Engine/Content/EditorSounds/Notifications/CompileSuccess_Cue.uasset" 167
"../../../Engine/Content/EngineDamageTypes/DmgTypeBP_Environmental.uasset" 168
"../../../Engine/Content/EngineDebugMaterials/DebugEditorMaterial.uasset" 169
"../../../Engine/Content/EngineDebugMaterials/DebugMeshMaterial.uasset" 170
"../../../Engine/Content/EngineDebugMaterials/M_SimpleUnlitTranslucent.uasset" 171
"../../../Engine/Content/Functions/Engine_MaterialFunctions02/Utility/CameraDirectionVector.uasset" 172
"../../../Engine/Content/EngineDebugMaterials/VolumeToRender.uasset" 173
"../../../Engine/Content/EngineDebugMaterials/M_VolumeRenderSphereTracePP.uasset" 174
"../../../Engine/Content/EngineDebugMaterials/WireframeMaterial.uasset" 175
"../../../Engine/Content/EngineFonts/Faces/DroidSansFallback.uasset" 176
"../../../Engine/Content/EngineFonts/Faces/RobotoBold.uasset" 177
"../../../Engine/Content/EngineFonts/Faces/RobotoBoldItalic.uasset" 178
"../../../Engine/Content/EngineFonts/Faces/RobotoItalic.uasset" 179
"../../../Engine/Content/EngineFonts/Faces/RobotoLight.uasset" 180
"../../../Engine/Content/EngineFonts/Faces/RobotoRegular.uasset" 181
"../../../Engine/Content/EngineFonts/Roboto.uasset" 182
"../../../Engine/Content/EngineMaterials/BaseFlattenDiffuseMap.uasset" 183
"../../../Engine/Content/EngineMaterials/BaseFlattenEmissiveMap.uasset" 184
"../../../Engine/Content/EngineMaterials/BaseFlattenGrayscaleMap.uasset" 185
"../../../Engine/Content/EngineMaterials/BaseFlattenNormalMap.uasset" 186
"../../../Engine/Content/EngineMaterials/BaseFlattenMaterial.uasset" 187
"../../../Engine/Content/EngineMaterials/BlueNoise.uasset" 188
"../../../Engine/Content/EngineMaterials/DefaultBloomKernel.uasset" 189
"../../../Engine/Content/EngineMaterials/DefaultBokeh.uasset" 190
"../../../Engine/Content/EngineMaterials/DefaultDiffuse.uasset" 191
"../../../Engine/Content/EngineMaterials/DefaultDeferredDecalMaterial.uasset" 192
"../../../Engine/Content/EngineMaterials/DefaultLightFunctionMaterial.uasset" 193
"../../../Engine/Content/EngineMaterials/DefaultPhysicalMaterial.uasset" 194
"../../../Engine/Content/EngineMaterials/DefaultPostProcessMaterial.uasset" 195
"../../../Engine/Content/EngineFonts/RobotoDistanceField.uasset" 196
"../../../Engine/Content/EngineMaterials/DefaultTextMaterialOpaque.uasset" 197
"../../../Engine/Content/EngineMaterials/DefaultWhiteGrid.uasset" 198
"../../../Engine/Content/EngineMaterials/DefaultWhiteGrid_Low.uasset" 199
"../../../Engine/Content/EngineMaterials/EmissiveMeshMaterial.uasset" 200
"../../../Engine/Content/EngineMaterials/GizmoMaterial.uasset" 201
"../../../Engine/Content/EngineMaterials/Good64x64TilingNoiseHighFreq.uasset" 202
"../../../Engine/Content/EngineMaterials/MiniFont.uasset" 203
"../../../Engine/Content/EngineMaterials/InvalidLightmapSettings.uasset" 204
"../../../Engine/Content/EngineMaterials/M_InvalidLightmapSettings.uasset" 205
"../../../Engine/Content/Functions/Engine_MaterialFunctions02/WorldPositionOffset/CameraOffset.uasset" 206
"../../../Engine/Content/EngineMaterials/PhAT_JointLimitMaterial.uasset" 207
"../../../Engine/Content/EngineMaterials/PreintegratedSkinBRDF.uasset" 208
"../../../Engine/Content/EngineMaterials/RemoveSurfaceMaterial.uasset" 209
"../../../Engine/Content/EngineMaterials/WeightMapPlaceholderTexture.uasset" 210
"../../../Engine/Content/EngineResources/WhiteSquareTexture.uasset" 211
"../../../Engine/Content/EngineMaterials/Widget3DPassThrough.uasset" 212
"../../../Engine/Content/EngineMaterials/Widget3DPassThrough_Masked.uasset" 213
"../../../Engine/Content/EngineMaterials/Widget3DPassThrough_Opaque.uasset" 214
"../../../Engine/Content/EngineMaterials/Widget3DPassThrough_Masked_OneSided.uasset" 215
"../../../Engine/Content/EngineMaterials/Widget3DPassThrough_Opaque_OneSided.uasset" 216
"../../../Engine/Content/EngineMaterials/Widget3DPassThrough_Translucent.uasset" 217
"../../../Engine/Content/EngineMaterials/Widget3DPassThrough_Translucent_OneSided.uasset" 218
"../../../Engine/Content/EngineMeshes/Cylinder.uasset" 219
"../../../Engine/Content/EngineMeshes/Sphere.uasset" 220
"../../../Engine/Content/EngineResources/Black.uasset" 221
"../../../Engine/Content/EngineResources/DefaultTexture.uasset" 222
"../../../Engine/Content/EngineResources/DefaultTextureCube.uasset" 223
"../../../Engine/Content/EngineResources/DefaultVolumeTexture2D.uasset" 224
"../../../Engine/Content/EngineResources/DefaultVolumeTexture.uasset" 225
"../../../Engine/Content/EngineResources/GradientTexture0.uasset" 226
"../../../Engine/Content/EngineSounds/Master.uasset" 227
"../../../Engine/Content/Functions/Engine_MaterialFunctions01/Shading/ConvertFromDiffSpec.uasset" 228
"../../../Engine/Content/Functions/Engine_MaterialFunctions01/Shading/PowerToRoughness.uasset" 229
"../../../Engine/Content/Maps/Templates/Thumbnails/Default.uasset" 230
"../../../Engine/Content/Maps/Templates/Thumbnails/TimeOfDay.uasset" 231
"../../../Engine/Content/Maps/Templates/Thumbnails/VR-Basic.uasset" 232
"../../../Engine/Content/MobileResources/T_MobileControls_texture.uasset" 233
"../../../Engine/Content/MobileResources/T_MobileMenu2.uasset" 234
"../../../Engine/Content/MobileResources/HUD/AnalogHat.uasset" 235
"../../../Engine/Content/MobileResources/HUD/VirtualJoystick_Background.uasset" 236
"../../../Engine/Content/MobileResources/HUD/VirtualJoystick_Thumb.uasset" 237
"../../../Engine/Content/MobileResources/HUD/DefaultVirtualJoysticks.uasset" 238
"../../../Engine/Content/MobileResources/HUD/LeftVirtualJoystickOnly.uasset" 239
"../../../Engine/Content/MobileResources/HUD/MobileHUDButton1_off.uasset" 240
"../../../Engine/Content/MobileResources/HUD/MobileHUDButton1_on.uasset" 241
"../../../Engine/Content/MobileResources/HUD/MobileHUDButton2_off.uasset" 242
"../../../Engine/Content/MobileResources/HUD/MobileHUDButton2_on.uasset" 243
"../../../Engine/Content/MobileResources/HUD/MobileHUDButton3.uasset" 244
"../../../Engine/Content/MobileResources/HUD/MobileHUDButtonFire.uasset" 245
"../../../Engine/Content/MobileResources/HUD/MobileHUDDirectionPad.uasset" 246
"../../../Engine/Content/MobileResources/HUD/MobileHUDDirectionPad2.uasset" 247
"../../../Engine/Content/MobileResources/HUD/MobileHUDDirectionPad3.uasset" 248
"../../../Engine/Content/MobileResources/HUD/MobileHUDDirectionStick.uasset" 249
"../../../Engine/Content/MobileResources/HUD/T_Castle_ThumbstickInner.uasset" 250
"../../../Engine/Content/MobileResources/HUD/T_Castle_ThumbstickOutter.uasset" 251
"../../../Engine/Content/Tutorial/ContentIntroCurve.uasset" 252
"../../../Engine/Content/Tutorial/Basics/LevelEditorAttract.uasset" 253
"../../../Engine/Content/Tutorial/Landscape/TutorialAssets/Landscape.uasset" 254
"../../../Engine/Content/Tutorial/Landscape/LandscapeWalkThrough.uasset" 255
"../../../Engine/Content/Tutorial/Landscape/Landscape_Manage_Mode.uasset" 256
"../../../Engine/Content/Tutorial/Landscape/Landscape_Painting_Mode.uasset" 257
"../../../Engine/Content/Tutorial/Landscape/Landscape_Sculpt_Mode.uasset" 258
"../../../Engine/Content/Tutorial/SubEditors/GettingSubstance.uasset" 259
"../../../Engine/Content/VREditor/LaserPointer/VR_LaserPower_01.uasset" 260
"../../../Engine/Content/VREditor/TransformGizmo/TransformGizmoMaterial.uasset" 261
"../../../Engine/Content/VREditor/TransformGizmo/TranslucentTransformGizmoMaterial.uasset" 262
"../../../Engine/Content/VREditor/TransformGizmo/BoundingBoxCorner.uasset" 263
"../../../Engine/Content/VREditor/TransformGizmo/BoundingBoxEdge.uasset" 264
"../../../Engine/Content/VREditor/TransformGizmo/PlaneTranslationHandle.uasset" 265
"../../../Engine/Content/VREditor/TransformGizmo/Main.uasset" 266
"../../../Engine/Content/VREditor/TransformGizmo/Xray.uasset" 267
"../../../Engine/Content/VREditor/TransformGizmo/SM_Sequencer_Key.uasset" 268
"../../../Engine/Content/VREditor/TransformGizmo/SM_Sequencer_Node.uasset" 269
"../../Plugins/2D/Paper2D/Content/DummySprite.uasset" 270
"../../Plugins/2D/Paper2D/Content/DefaultPaperTerrainMaterial.uasset" 271
"../../Plugins/2D/Paper2D/Content/MaskedUnlitSpriteMaterial.uasset" 272
"../../Plugins/2D/Paper2D/Content/OpaqueUnlitSpriteMaterial.uasset" 273
"../../Plugins/FX/Niagara/Content/Enums/ENiagaraBooleanLogicOps.uasset" 274
"../../Plugins/FX/Niagara/Content/Enums/ENiagaraCoordinateSpace.uasset" 275
"../../Plugins/FX/Niagara/Content/Enums/ENiagaraExpansionMode.uasset" 276
"../../Plugins/FX/Niagara/Content/Enums/ENiagaraOrientationAxis.uasset" 277
"../../Plugins/FX/Niagara/Content/Enums/ENiagaraRandomnessMode.uasset" 278
"../../../Engine/Content/Functions/Engine_MaterialFunctions02/Utility/BreakOutFloat4Components.uasset" 279
"../../../Engine/Content/Functions/Engine_MaterialFunctions02/Utility/MakeFloat2.uasset" 280
"../../../Engine/Content/Functions/Engine_MaterialFunctions02/Utility/MakeFloat3.uasset" 281
"../../Plugins/Runtime/Oculus/OculusVR/Content/Materials/OculusMR_ChromaKey.uasset" 282
"../../Plugins/Runtime/Oculus/OculusVR/Content/Materials/OculusMR_ChromaKey_Lit.uasset" 283
"../../Plugins/Runtime/Oculus/OculusVR/Content/Materials/OculusMR_OpaqueColoredMaterial.uasset" 284
"../../Plugins/Runtime/Oculus/OculusVR/Content/Materials/OculusMR_WhiteMaterial.uasset" 285
"../../../../../../Users/User/Documents/Unreal Projects/AndroidRunner/Content/myfolders/objects/death/deathtrigger.uasset" 286
"../../../Engine/Content/EngineSky/C_Sky_Cloud_Color.uasset" 287
"../../../Engine/Content/EngineSky/C_Sky_Horizon_Color.uasset" 288
"../../../Engine/Content/EngineSky/C_Sky_Zenith_Color.uasset" 289
"../../../Engine/Content/EngineSky/T_Sky_Blue.uasset" 290
"../../../Engine/Content/EngineSky/T_Sky_Clouds_M.uasset" 291
"../../../Engine/Content/EngineSky/T_Sky_Stars.uasset" 292
"../../../Engine/Content/EngineSky/M_Sky_Panning_Clouds2.uasset" 293
"../../../Engine/Content/EngineSky/SM_SkySphere.uasset" 294
"../../../Engine/Content/EngineSky/BP_Sky_Sphere.uasset" 295
"../../../../../../Users/User/Documents/Unreal Projects/AndroidRunner/Content/myfolders/gui/finalwidget.uasset" 296
"../../../../../../Users/User/Documents/Unreal Projects/AndroidRunner/Content/myfolders/objects/finish/scoremulti/combosound/1d1.uasset" 297
"../../../../../../Users/User/Documents/Unreal Projects/AndroidRunner/Content/myfolders/objects/finish/scoremulti/scoremult1d1.uasset" 298
"../../../../../../Users/User/Documents/Unreal Projects/AndroidRunner/Content/myfolders/objects/finish/scoremulti/combosound/1d2.uasset" 299
"../../../../../../Users/User/Documents/Unreal Projects/AndroidRunner/Content/myfolders/objects/finish/scoremulti/scoremult1d2.uasset" 300
"../../../../../../Users/User/Documents/Unreal Projects/AndroidRunner/Content/myfolders/objects/finish/scoremulti/combosound/1d3.uasset" 301
"../../../../../../Users/User/Documents/Unreal Projects/AndroidRunner/Content/myfolders/objects/finish/scoremulti/scoremult1d3.uasset" 302
"../../../../../../Users/User/Documents/Unreal Projects/AndroidRunner/Content/myfolders/objects/finish/scoremulti/combosound/1d4.uasset" 303
"../../../../../../Users/User/Documents/Unreal Projects/AndroidRunner/Content/myfolders/objects/finish/scoremulti/scoremult1d4.uasset" 304
"../../../../../../Users/User/Documents/Unreal Projects/AndroidRunner/Content/myfolders/objects/finish/scoremulti/combosound/1d5.uasset" 305
"../../../../../../Users/User/Documents/Unreal Projects/AndroidRunner/Content/myfolders/objects/finish/scoremulti/scoremult1d5.uasset" 306
"../../../../../../Users/User/Documents/Unreal Projects/AndroidRunner/Content/myfolders/objects/finish/scoremulti/combosound/1d6.uasset" 307
"../../../../../../Users/User/Documents/Unreal Projects/AndroidRunner/Content/myfolders/objects/finish/scoremulti/scoremult1d6.uasset" 308
"../../../../../../Users/User/Documents/Unreal Projects/AndroidRunner/Content/myfolders/objects/finish/scoremulti/combosound/1d7.uasset" 309
"../../../../../../Users/User/Documents/Unreal Projects/AndroidRunner/Content/myfolders/objects/finish/scoremulti/scoremult1d7.uasset" 310
"../../../../../../Users/User/Documents/Unreal Projects/AndroidRunner/Content/myfolders/objects/finish/scoremulti/combosound/1d8.uasset" 311
"../../../../../../Users/User/Documents/Unreal Projects/AndroidRunner/Content/myfolders/objects/finish/scoremulti/scoremult1d8.uasset" 312
"../../../../../../Users/User/Documents/Unreal Projects/AndroidRunner/Content/myfolders/objects/finish/scoremulti/combosound/1d9.uasset" 313
"../../../../../../Users/User/Documents/Unreal Projects/AndroidRunner/Content/myfolders/objects/finish/scoremulti/scoremult1d9.uasset" 314
"../../../../../../Users/User/Documents/Unreal Projects/AndroidRunner/Content/myfolders/plusminus/double/250lbrg.uasset" 315
"../../../../../../Users/User/Documents/Unreal Projects/AndroidRunner/Content/myfolders/plusminus/double/250lgrb.uasset" 316
"../../../../../../Users/User/Documents/Unreal Projects/AndroidRunner/Content/myfolders/plusminus/double/250twogood.uasset" 317
"../../../Engine/Content/EditorMaterials/WidgetMaterial_Current.uasset" 318
"../../../Engine/Content/EditorMaterials/WidgetMaterial_Z.uasset" 319
"../../../../../../Users/User/Documents/Unreal Projects/AndroidRunner/Content/myfolders/Levels/1level.umap" 320
"../../../../../../Users/User/Documents/Unreal Projects/AndroidRunner/Content/myfolders/objects/forcoin.uasset" 321
"../../../Engine/Content/BasicShapes/Sphere.uasset" 322
"../../../../../../Users/User/Documents/Unreal Projects/AndroidRunner/Content/myfolders/objects/takecoin.uasset" 323
"../../../../../../Users/User/Documents/Unreal Projects/AndroidRunner/Content/myfolders/objects/coin.uasset" 324
"../../../../../../Users/User/Documents/Unreal Projects/AndroidRunner/Content/myfolders/plusminus/solo/devide2.uasset" 325
"../../../../../../Users/User/Documents/Unreal Projects/AndroidRunner/Content/myfolders/Levels/2level.umap" 326
"../../../../../../Users/User/Documents/Unreal Projects/AndroidRunner/Content/myfolders/plusminus/double/250twobad.uasset" 327
"../../../../../../Users/User/Documents/Unreal Projects/AndroidRunner/Content/myfolders/plusminus/movable/movdevide2.uasset" 328
"../../../../../../Users/User/Documents/Unreal Projects/AndroidRunner/Content/myfolders/Levels/3LEVEl.umap" 329
"../../../../../../Users/User/Documents/Unreal Projects/AndroidRunner/Content/myfolders/Levels/4level.umap" 330
"../../../../../../Users/User/Documents/Unreal Projects/AndroidRunner/Content/myfolders/Levels/5level.umap" 331
"../../../../../../Users/User/Documents/Unreal Projects/AndroidRunner/Content/myfolders/Levels/6level.umap" 332
"../../../Engine/Content/BasicShapes/BasicShapeMaterial.uasset" 333
"../../../../../../Users/User/Documents/Unreal Projects/AndroidRunner/Content/myfolders/Levels/7LEVEL.umap" 334
"../../../../../../Users/User/Documents/Unreal Projects/AndroidRunner/Content/ThirdPersonBP/Maps/ThirdPersonExampleMap_BuiltData.uasset" 335
"../../../../../../Users/User/Documents/Unreal Projects/AndroidRunner/Content/Geometry/Meshes/CubeMaterial.uasset" 336
"../../../../../../Users/User/Documents/Unreal Projects/AndroidRunner/Content/Geometry/Meshes/1M_Cube.uasset" 337
"../../../../../../Users/User/Documents/Unreal Projects/AndroidRunner/Content/Geometry/Meshes/1M_Cube_Chamfer.uasset" 338
"../../../../../../Users/User/Documents/Unreal Projects/AndroidRunner/Content/Geometry/Meshes/TemplateFloor.uasset" 339
"../../../../../../Users/User/Documents/Unreal Projects/AndroidRunner/Content/ThirdPerson/Meshes/RampMaterial.uasset" 340
"../../../../../../Users/User/Documents/Unreal Projects/AndroidRunner/Content/ThirdPerson/Meshes/Bump_StaticMesh.uasset" 341
"../../../../../../Users/User/Documents/Unreal Projects/AndroidRunner/Content/ThirdPerson/Meshes/LeftArm_StaticMesh.uasset" 342
"../../../../../../Users/User/Documents/Unreal Projects/AndroidRunner/Content/ThirdPerson/Meshes/Linear_Stair_StaticMesh.uasset" 343
"../../../../../../Users/User/Documents/Unreal Projects/AndroidRunner/Content/ThirdPerson/Meshes/Ramp_StaticMesh.uasset" 344
"../../../../../../Users/User/Documents/Unreal Projects/AndroidRunner/Content/ThirdPerson/Meshes/RightArm_StaticMesh.uasset" 345
"../../../../../../Users/User/Documents/Unreal Projects/AndroidRunner/Content/ThirdPersonBP/Maps/ThirdPersonExampleMap.umap" 346
"../../../Engine/Content/Maps/Entry_BuiltData.uasset" 347
"../../../Engine/Content/Maps/Entry.umap" 348
