Log file open, 05/16/22 23:40:17
LogInit: Display: Running engine for game: FreeRunner
LogPlatformFile: Not using cached read wrapper
LogTaskGraph: Started task graph with 5 named threads and 23 total threads with 3 sets of task threads.
LogStats: Stats thread started at 0.380739
LogD3D11RHI: Loaded GFSDK_Aftermath_Lib.x64.dll
LogICUInternationalization: ICU TimeZone Detection - Raw Offset: +5:00, Platform Override: ''
LogPluginManager: Mounting plugin Paper2D
LogPluginManager: Mounting plugin AISupport
LogPluginManager: Mounting plugin LightPropagationVolume
LogPluginManager: Mounting plugin CameraShakePreviewer
LogPluginManager: Mounting plugin ActorLayerUtilities
LogPluginManager: Mounting plugin AnimationSharing
LogPluginManager: Mounting plugin CLionSourceCodeAccess
LogPluginManager: Mounting plugin CodeLiteSourceCodeAccess
LogPluginManager: Mounting plugin GitSourceControl
LogPluginManager: Mounting plugin KDevelopSourceCodeAccess
LogPluginManager: Mounting plugin NullSourceCodeAccess
LogPluginManager: Mounting plugin PerforceSourceControl
LogPluginManager: Mounting plugin PlasticSourceControl
LogPluginManager: Mounting plugin RiderSourceCodeAccess
LogPluginManager: Mounting plugin SubversionSourceControl
LogPluginManager: Mounting plugin UObjectPlugin
LogPluginManager: Mounting plugin VisualStudioCodeSourceCodeAccess
LogPluginManager: Mounting plugin VisualStudioSourceCodeAccess
LogPluginManager: Mounting plugin XCodeSourceCodeAccess
LogPluginManager: Mounting plugin AssetManagerEditor
LogPluginManager: Mounting plugin CryptoKeys
LogPluginManager: Mounting plugin CurveEditorTools
LogPluginManager: Mounting plugin DataValidation
LogPluginManager: Mounting plugin EditorScriptingUtilities
LogPluginManager: Mounting plugin FacialAnimation
LogPluginManager: Mounting plugin GameplayTagsEditor
LogPluginManager: Mounting plugin GeometryMode
LogPluginManager: Mounting plugin MacGraphicsSwitching
LogPluginManager: Mounting plugin MaterialAnalyzer
LogPluginManager: Mounting plugin MobileLauncherProfileWizard
LogPluginManager: Mounting plugin PluginBrowser
LogPluginManager: Mounting plugin SpeedTreeImporter
LogPluginManager: Mounting plugin DatasmithContent
LogPluginManager: Mounting plugin VariantManagerContent
LogPluginManager: Mounting plugin AlembicImporter
LogPluginManager: Mounting plugin AutomationUtils
LogPluginManager: Mounting plugin BackChannel
LogPluginManager: Mounting plugin ChaosCloth
LogPluginManager: Mounting plugin ChaosClothEditor
LogPluginManager: Mounting plugin ChaosEditor
LogPluginManager: Mounting plugin ChaosNiagara
LogPluginManager: Mounting plugin ChaosSolverPlugin
LogPluginManager: Mounting plugin CharacterAI
LogPluginManager: Mounting plugin GeometryCache
LogPluginManager: Mounting plugin GeometryCollectionPlugin
LogPluginManager: Mounting plugin GeometryProcessing
LogPluginManager: Mounting plugin PlanarCut
LogPluginManager: Mounting plugin PlatformCrypto
LogPluginManager: Mounting plugin ProxyLODPlugin
LogPluginManager: Mounting plugin SkeletalReduction
LogPluginManager: Mounting plugin Niagara
LogPluginManager: Mounting plugin MagicLeap
LogPluginManager: Mounting plugin MagicLeapLightEstimation
LogPluginManager: Mounting plugin MagicLeapMedia
LogPluginManager: Mounting plugin MagicLeapPassableWorld
LogPluginManager: Mounting plugin MLSDK
LogPluginManager: Mounting plugin AndroidMedia
LogPluginManager: Mounting plugin AvfMedia
LogPluginManager: Mounting plugin ImgMedia
LogPluginManager: Mounting plugin MediaCompositing
LogPluginManager: Mounting plugin MediaPlayerEditor
LogPluginManager: Mounting plugin WebMMedia
LogPluginManager: Mounting plugin WmfMedia
LogPluginManager: Mounting plugin MeshPainting
LogPluginManager: Mounting plugin TcpMessaging
LogPluginManager: Mounting plugin UdpMessaging
LogPluginManager: Mounting plugin LevelSequenceEditor
LogPluginManager: Mounting plugin MatineeToLevelSequence
LogPluginManager: Mounting plugin MovieRenderPipeline
LogPluginManager: Mounting plugin TemplateSequence
LogPluginManager: Mounting plugin NetcodeUnitTest
LogPluginManager: Mounting plugin NUTUnrealEngine4
LogPluginManager: Mounting plugin OnlineSubsystemGooglePlay
LogPluginManager: Mounting plugin OnlineSubsystemIOS
LogPluginManager: Mounting plugin OnlineSubsystem
LogPluginManager: Mounting plugin OnlineSubsystemNull
LogPluginManager: Mounting plugin OnlineSubsystemUtils
LogPluginManager: Mounting plugin LauncherChunkInstaller
LogPluginManager: Mounting plugin AndroidDeviceProfileSelector
LogPluginManager: Mounting plugin AndroidMoviePlayer
LogPluginManager: Mounting plugin AndroidPermission
LogPluginManager: Mounting plugin AppleImageUtils
LogPluginManager: Mounting plugin AppleMoviePlayer
LogPluginManager: Mounting plugin ArchVisCharacter
LogPluginManager: Mounting plugin AssetTags
LogPluginManager: Mounting plugin AudioCapture
LogPluginManager: Mounting plugin CableComponent
LogPluginManager: Mounting plugin CustomMeshComponent
LogPluginManager: Mounting plugin EditableMesh
LogPluginManager: Mounting plugin ExampleDeviceProfileSelector
LogPluginManager: Mounting plugin GoogleCloudMessaging
LogPluginManager: Mounting plugin GooglePAD
LogPluginManager: Mounting plugin IOSDeviceProfileSelector
LogPluginManager: Mounting plugin LinuxDeviceProfileSelector
LogPluginManager: Mounting plugin LocationServicesBPLibrary
LogPluginManager: Mounting plugin MobilePatchingUtils
LogPluginManager: Mounting plugin OculusVR
LogPluginManager: Mounting plugin PhysXVehicles
LogPluginManager: Mounting plugin PostSplashScreen
LogPluginManager: Mounting plugin ProceduralMeshComponent
LogPluginManager: Mounting plugin RuntimePhysXCooking
LogPluginManager: Mounting plugin SignificanceManager
LogPluginManager: Mounting plugin SoundFields
LogPluginManager: Mounting plugin SteamVR
LogPluginManager: Mounting plugin Synthesis
LogPluginManager: Mounting plugin WebMMoviePlayer
LogPluginManager: Mounting plugin WindowsMoviePlayer
LogPluginManager: Mounting plugin ScreenshotTools
LogInit: Using libcurl 7.55.1-DEV
LogInit:  - built for x86_64-pc-win32
LogInit:  - supports SSL with OpenSSL/1.1.1
LogInit:  - supports HTTP deflate (compression) using libz 1.2.8
LogInit:  - other features:
LogInit:      CURL_VERSION_SSL
LogInit:      CURL_VERSION_LIBZ
LogInit:      CURL_VERSION_IPV6
LogInit:      CURL_VERSION_ASYNCHDNS
LogInit:      CURL_VERSION_LARGEFILE
LogInit:      CURL_VERSION_IDN
LogInit:  CurlRequestOptions (configurable via config and command line):
LogInit:  - bVerifyPeer = true  - Libcurl will verify peer certificate
LogInit:  - bUseHttpProxy = false  - Libcurl will NOT use HTTP proxy
LogInit:  - bDontReuseConnections = false  - Libcurl will reuse connections
LogInit:  - MaxHostConnections = 16  - Libcurl will limit the number of connections to a host
LogInit:  - LocalHostAddr = Default
LogInit:  - BufferSize = 65536
LogOnline: OSS: Creating online subsystem instance for: NULL
LogInit: WinSock: version 1.1 (2.2), MaxSocks=32767, MaxUdp=65467
LogOnline: OSS: TryLoadSubsystemAndSetDefault: Loaded subsystem for module [NULL]
LogInit: Build: ++UE4+Release-4.25-CL-14469661
LogInit: Engine Version: 4.25.4-14469661+++UE4+Release-4.25
LogInit: Compatible Engine Version: 4.25.0-13144385+++UE4+Release-4.25
LogInit: Net CL: 13144385
LogInit: OS: Windows 10 (Release 2009) (), CPU: AMD FX(tm)-8320 Eight-Core Processor           , GPU: Radeon RX 570 Series
LogInit: Compiled (64-bit): Oct 11 2020 08:10:49
LogInit: Compiled with Visual C++: 19.24.28315.00
LogInit: Build Configuration: Development
LogInit: Branch Name: ++UE4+Release-4.25
LogInit: Command Line:  /Game/myfolders/Levels/0LEVEL -game -PIEVIACONSOLE -Multiprocess GameUserSettingsINI=C:/Users/User/Documents/GitHub/AndroidProject/AndroidRunner/Saved/Config/Windows/PIEGameUserSettings0.ini -MultiprocessSaveConfig -MultiprocessOSS -messaging -SessionName="Play in Standalone Game" -featureleveles31 -faketouches -MultiprocessSaveConfig -SafeZonePaddingLeft=0.000000 -SafeZonePaddingRight=0.000000 -SafeZonePaddingTop=60.000000 -SafeZonePaddingBottom=30.000000 -windowed -ResX=750 -ResY=1624 -ForceRes
LogInit: Base Directory: C:/Program Files/Epic Games/UE_4.25/Engine/Binaries/Win64/
LogInit: Allocator: TBB
LogInit: Installed Engine Build: 1
LogDevObjectVersion: Number of dev versions registered: 26
LogDevObjectVersion:   Dev-Blueprints (B0D832E4-1F89-4F0D-ACCF-7EB736FD4AA2): 10
LogDevObjectVersion:   Dev-Build (E1C64328-A22C-4D53-A36C-8E866417BD8C): 0
LogDevObjectVersion:   Dev-Core (375EC13C-06E4-48FB-B500-84F0262A717E): 4
LogDevObjectVersion:   Dev-Editor (E4B068ED-F494-42E9-A231-DA0B2E46BB41): 38
LogDevObjectVersion:   Dev-Framework (CFFC743F-43B0-4480-9391-14DF171D2073): 37
LogDevObjectVersion:   Dev-Mobile (B02B49B5-BB20-44E9-A304-32B752E40360): 2
LogDevObjectVersion:   Dev-Networking (A4E4105C-59A1-49B5-A7C5-40C4547EDFEE): 0
LogDevObjectVersion:   Dev-Online (39C831C9-5AE6-47DC-9A44-9C173E1C8E7C): 0
LogDevObjectVersion:   Dev-Physics (78F01B33-EBEA-4F98-B9B4-84EACCB95AA2): 4
LogDevObjectVersion:   Dev-Platform (6631380F-2D4D-43E0-8009-CF276956A95A): 0
LogDevObjectVersion:   Dev-Rendering (12F88B9F-8875-4AFC-A67C-D90C383ABD29): 43
LogDevObjectVersion:   Dev-Sequencer (7B5AE74C-D270-4C10-A958-57980B212A5A): 12
LogDevObjectVersion:   Dev-VR (D7296918-1DD6-4BDD-9DE2-64A83CC13884): 3
LogDevObjectVersion:   Dev-LoadTimes (C2A15278-BFE7-4AFE-6C17-90FF531DF755): 1
LogDevObjectVersion:   Private-Geometry (6EACA3D4-40EC-4CC1-B786-8BED09428FC5): 3
LogDevObjectVersion:   Dev-AnimPhys (29E575DD-E0A3-4627-9D10-D276232CDCEA): 17
LogDevObjectVersion:   Dev-Anim (AF43A65D-7FD3-4947-9873-3E8ED9C1BB05): 7
LogDevObjectVersion:   Dev-ReflectionCapture (6B266CEC-1EC7-4B8F-A30B-E4D90942FC07): 1
LogDevObjectVersion:   Dev-Automation (0DF73D61-A23F-47EA-B727-89E90C41499A): 1
LogDevObjectVersion:   FortniteMain (601D1886-AC64-4F84-AA16-D3DE0DEAC7D6): 31
LogDevObjectVersion:   Dev-Enterprise (9DFFBCD6-494F-0158-E221-12823C92A888): 10
LogDevObjectVersion:   Dev-Niagara (F2AED0AC-9AFE-416F-8664-AA7FFA26D6FC): 1
LogDevObjectVersion:   Dev-Destruction (174F1F0B-B4C6-45A5-B13F-2EE8D0FB917D): 10
LogDevObjectVersion:   Dev-Physics-Ext (35F94A83-E258-406C-A318-09F59610247C): 37
LogDevObjectVersion:   Dev-PhysicsMaterial-Chaos (B68FC16E-8B1B-42E2-B453-215C058844FE): 1
LogDevObjectVersion:   Dev-CineCamera (B2E18506-4273-CFC2-A54E-F4BB758BBA07): 1
LogInit: Presizing for max 25165824 objects, including 0 objects not considered by GC, pre-allocating 0 bytes for permanent pool.
LogConfig: Applying CVar settings from Section [/Script/Engine.StreamingSettings] File [C:/Users/User/Documents/GitHub/AndroidProject/AndroidRunner/Saved/Config/Windows/Engine.ini]
LogConfig: Setting CVar [[s.MinBulkDataSizeForAsyncLoading:131072]]
LogConfig: Setting CVar [[s.AsyncLoadingThreadEnabled:0]]
LogConfig: Setting CVar [[s.EventDrivenLoaderEnabled:1]]
LogConfig: Setting CVar [[s.WarnIfTimeLimitExceeded:0]]
LogConfig: Setting CVar [[s.TimeLimitExceededMultiplier:1.5]]
LogConfig: Setting CVar [[s.TimeLimitExceededMinTime:0.005]]
LogConfig: Setting CVar [[s.UseBackgroundLevelStreaming:1]]
LogConfig: Setting CVar [[s.PriorityAsyncLoadingExtraTime:15.0]]
LogConfig: Setting CVar [[s.LevelStreamingActorsUpdateTimeLimit:5.0]]
LogConfig: Setting CVar [[s.PriorityLevelStreamingActorsUpdateExtraTime:5.0]]
LogConfig: Setting CVar [[s.LevelStreamingComponentsRegistrationGranularity:10]]
LogConfig: Setting CVar [[s.UnregisterComponentsTimeLimit:1.0]]
LogConfig: Setting CVar [[s.LevelStreamingComponentsUnregistrationGranularity:5]]
LogConfig: Setting CVar [[s.FlushStreamingOnExit:1]]
LogInit: Object subsystem initialized
LogConfig: Setting CVar [[con.DebugEarlyDefault:1]]
LogConfig: Setting CVar [[r.setres:1280x720]]
[2022.05.16-18.40.18:235][  0]LogConfig: Setting CVar [[con.DebugEarlyDefault:1]]
[2022.05.16-18.40.18:235][  0]LogConfig: Setting CVar [[r.setres:1280x720]]
[2022.05.16-18.40.18:235][  0]LogConfig: Applying CVar settings from Section [/Script/Engine.RendererSettings] File [C:/Users/User/Documents/GitHub/AndroidProject/AndroidRunner/Saved/Config/Windows/Engine.ini]
[2022.05.16-18.40.18:235][  0]LogConfig: Setting CVar [[r.GPUCrashDebugging:0]]
[2022.05.16-18.40.18:235][  0]LogConfig: Setting CVar [[r.Mobile.DisableVertexFog:1]]
[2022.05.16-18.40.18:235][  0]LogConfig: Setting CVar [[r.Shadow.CSM.MaxMobileCascades:2]]
[2022.05.16-18.40.18:235][  0]LogConfig: Setting CVar [[r.MobileMSAA:1]]
[2022.05.16-18.40.18:235][  0]LogConfig: Setting CVar [[r.Mobile.UseLegacyShadingModel:0]]
[2022.05.16-18.40.18:235][  0]LogConfig: Setting CVar [[r.Mobile.AllowDitheredLODTransition:0]]
[2022.05.16-18.40.18:236][  0]LogConfig: Setting CVar [[r.Mobile.AllowSoftwareOcclusion:0]]
[2022.05.16-18.40.18:236][  0]LogConfig: Setting CVar [[r.Mobile.VirtualTextures:0]]
[2022.05.16-18.40.18:236][  0]LogConfig: Setting CVar [[r.DiscardUnusedQuality:0]]
[2022.05.16-18.40.18:236][  0]LogConfig: Setting CVar [[r.AllowOcclusionQueries:1]]
[2022.05.16-18.40.18:236][  0]LogConfig: Setting CVar [[r.MinScreenRadiusForLights:0.030000]]
[2022.05.16-18.40.18:236][  0]LogConfig: Setting CVar [[r.MinScreenRadiusForDepthPrepass:0.030000]]
[2022.05.16-18.40.18:236][  0]LogConfig: Setting CVar [[r.MinScreenRadiusForCSMDepth:0.010000]]
[2022.05.16-18.40.18:236][  0]LogConfig: Setting CVar [[r.PrecomputedVisibilityWarning:0]]
[2022.05.16-18.40.18:236][  0]LogConfig: Setting CVar [[r.TextureStreaming:1]]
[2022.05.16-18.40.18:236][  0]LogConfig: Setting CVar [[Compat.UseDXT5NormalMaps:0]]
[2022.05.16-18.40.18:236][  0]LogConfig: Setting CVar [[r.VirtualTextures:0]]
[2022.05.16-18.40.18:236][  0]LogConfig: Setting CVar [[r.VirtualTexturedLightmaps:0]]
[2022.05.16-18.40.18:236][  0]LogConfig: Setting CVar [[r.VT.TileSize:128]]
[2022.05.16-18.40.18:236][  0]LogConfig: Setting CVar [[r.VT.TileBorderSize:4]]
[2022.05.16-18.40.18:236][  0]LogConfig: Setting CVar [[r.vt.FeedbackFactor:16]]
[2022.05.16-18.40.18:236][  0]LogConfig: Setting CVar [[r.VT.EnableCompressZlib:1]]
[2022.05.16-18.40.18:236][  0]LogConfig: Setting CVar [[r.VT.EnableCompressCrunch:0]]
[2022.05.16-18.40.18:236][  0]LogConfig: Setting CVar [[r.ClearCoatNormal:0]]
[2022.05.16-18.40.18:236][  0]LogConfig: Setting CVar [[r.AnisotropicBRDF:0]]
[2022.05.16-18.40.18:236][  0]LogConfig: Setting CVar [[r.ReflectionCaptureResolution:128]]
[2022.05.16-18.40.18:236][  0]LogConfig: Setting CVar [[r.ReflectionEnvironmentLightmapMixBasedOnRoughness:1]]
[2022.05.16-18.40.18:236][  0]LogConfig: Setting CVar [[r.ForwardShading:0]]
[2022.05.16-18.40.18:236][  0]LogConfig: Setting CVar [[r.VertexFoggingForOpaque:1]]
[2022.05.16-18.40.18:236][  0]LogConfig: Setting CVar [[r.AllowStaticLighting:1]]
[2022.05.16-18.40.18:236][  0]LogConfig: Setting CVar [[r.NormalMapsForStaticLighting:0]]
[2022.05.16-18.40.18:236][  0]LogConfig: Setting CVar [[r.GenerateMeshDistanceFields:0]]
[2022.05.16-18.40.18:236][  0]LogConfig: Setting CVar [[r.DistanceFieldBuild.EightBit:0]]
[2022.05.16-18.40.18:236][  0]LogConfig: Setting CVar [[r.GenerateLandscapeGIData:0]]
[2022.05.16-18.40.18:236][  0]LogConfig: Setting CVar [[r.DistanceFieldBuild.Compress:0]]
[2022.05.16-18.40.18:236][  0]LogConfig: Setting CVar [[r.TessellationAdaptivePixelsPerTriangle:48.000000]]
[2022.05.16-18.40.18:237][  0]LogConfig: Setting CVar [[r.SeparateTranslucency:0]]
[2022.05.16-18.40.18:237][  0]LogConfig: Setting CVar [[r.TranslucentSortPolicy:0]]
[2022.05.16-18.40.18:237][  0]LogConfig: Setting CVar [[r.CustomDepth:1]]
[2022.05.16-18.40.18:237][  0]LogConfig: Setting CVar [[r.CustomDepthTemporalAAJitter:1]]
[2022.05.16-18.40.18:237][  0]LogConfig: Setting CVar [[r.PostProcessing.PropagateAlpha:0]]
[2022.05.16-18.40.18:237][  0]LogConfig: Setting CVar [[r.DefaultFeature.Bloom:0]]
[2022.05.16-18.40.18:237][  0]LogConfig: Setting CVar [[r.DefaultFeature.AmbientOcclusion:0]]
[2022.05.16-18.40.18:237][  0]LogConfig: Setting CVar [[r.DefaultFeature.AmbientOcclusionStaticFraction:1]]
[2022.05.16-18.40.18:237][  0]LogConfig: Setting CVar [[r.DefaultFeature.AutoExposure:0]]
[2022.05.16-18.40.18:237][  0]LogConfig: Setting CVar [[r.DefaultFeature.AutoExposure.Method:0]]
[2022.05.16-18.40.18:237][  0]LogConfig: Setting CVar [[r.DefaultFeature.AutoExposure.Bias:1.000000]]
[2022.05.16-18.40.18:237][  0]LogConfig: Setting CVar [[r.DefaultFeature.AutoExposure.ExtendDefaultLuminanceRange:0]]
[2022.05.16-18.40.18:237][  0]LogConfig: Setting CVar [[r.UsePreExposure:1]]
[2022.05.16-18.40.18:237][  0]LogConfig: Setting CVar [[r.EyeAdaptation.EditorOnly:0]]
[2022.05.16-18.40.18:237][  0]LogConfig: Setting CVar [[r.DefaultFeature.MotionBlur:0]]
[2022.05.16-18.40.18:237][  0]LogConfig: Setting CVar [[r.DefaultFeature.LensFlare:0]]
[2022.05.16-18.40.18:237][  0]LogConfig: Setting CVar [[r.TemporalAA.Upsampling:0]]
[2022.05.16-18.40.18:237][  0]LogConfig: Setting CVar [[r.SSGI.Enable:0]]
[2022.05.16-18.40.18:237][  0]LogConfig: Setting CVar [[r.DefaultFeature.AntiAliasing:0]]
[2022.05.16-18.40.18:237][  0]LogConfig: Setting CVar [[r.DefaultFeature.LightUnits:1]]
[2022.05.16-18.40.18:237][  0]LogConfig: Setting CVar [[r.DefaultBackBufferPixelFormat:4]]
[2022.05.16-18.40.18:237][  0]LogConfig: Setting CVar [[r.Shadow.UnbuiltPreviewInGame:1]]
[2022.05.16-18.40.18:237][  0]LogConfig: Setting CVar [[r.StencilForLODDither:0]]
[2022.05.16-18.40.18:237][  0]LogConfig: Setting CVar [[r.EarlyZPass:3]]
[2022.05.16-18.40.18:237][  0]LogConfig: Setting CVar [[r.EarlyZPassOnlyMaterialMasking:0]]
[2022.05.16-18.40.18:237][  0]LogConfig: Setting CVar [[r.DBuffer:1]]
[2022.05.16-18.40.18:237][  0]LogConfig: Setting CVar [[r.ClearSceneMethod:1]]
[2022.05.16-18.40.18:237][  0]LogConfig: Setting CVar [[r.BasePassOutputsVelocity:0]]
[2022.05.16-18.40.18:237][  0]LogConfig: Setting CVar [[r.VertexDeformationOutputsVelocity:0]]
[2022.05.16-18.40.18:237][  0]LogConfig: Setting CVar [[r.SelectiveBasePassOutputs:0]]
[2022.05.16-18.40.18:237][  0]LogConfig: Setting CVar [[fx.GPUSimulationTextureSizeX:1024]]
[2022.05.16-18.40.18:237][  0]LogConfig: Setting CVar [[fx.GPUSimulationTextureSizeY:1024]]
[2022.05.16-18.40.18:237][  0]LogConfig: Setting CVar [[r.AllowGlobalClipPlane:0]]
[2022.05.16-18.40.18:238][  0]LogConfig: Setting CVar [[r.GBufferFormat:1]]
[2022.05.16-18.40.18:238][  0]LogConfig: Setting CVar [[r.MorphTarget.Mode:1]]
[2022.05.16-18.40.18:238][  0]LogConfig: Setting CVar [[vr.InstancedStereo:0]]
[2022.05.16-18.40.18:238][  0]LogConfig: Setting CVar [[r.MobileHDR:1]]
[2022.05.16-18.40.18:238][  0]LogConfig: Setting CVar [[vr.MobileMultiView:0]]
[2022.05.16-18.40.18:238][  0]LogConfig: Setting CVar [[r.Mobile.UseHWsRGBEncoding:0]]
[2022.05.16-18.40.18:238][  0]LogConfig: Setting CVar [[vr.RoundRobinOcclusion:0]]
[2022.05.16-18.40.18:238][  0]LogConfig: Setting CVar [[vr.ODSCapture:0]]
[2022.05.16-18.40.18:238][  0]LogConfig: Setting CVar [[r.MeshStreaming:0]]
[2022.05.16-18.40.18:238][  0]LogConfig: Setting CVar [[r.WireframeCullThreshold:5.000000]]
[2022.05.16-18.40.18:238][  0]LogConfig: Setting CVar [[r.RayTracing:0]]
[2022.05.16-18.40.18:238][  0]LogConfig: Setting CVar [[r.RayTracing.UseTextureLod:0]]
[2022.05.16-18.40.18:238][  0]LogConfig: Setting CVar [[r.SupportStationarySkylight:1]]
[2022.05.16-18.40.18:238][  0]LogConfig: Setting CVar [[r.SupportLowQualityLightmaps:1]]
[2022.05.16-18.40.18:238][  0]LogConfig: Setting CVar [[r.SupportPointLightWholeSceneShadows:1]]
[2022.05.16-18.40.18:238][  0]LogConfig: Setting CVar [[r.SupportAtmosphericFog:1]]
[2022.05.16-18.40.18:238][  0]LogConfig: Setting CVar [[r.SupportSkyAtmosphere:1]]
[2022.05.16-18.40.18:238][  0]LogConfig: Setting CVar [[r.SupportSkyAtmosphereAffectsHeightFog:0]]
[2022.05.16-18.40.18:238][  0]LogConfig: Setting CVar [[r.SkinCache.CompileShaders:0]]
[2022.05.16-18.40.18:238][  0]LogConfig: Setting CVar [[r.SkinCache.DefaultBehavior:1]]
[2022.05.16-18.40.18:238][  0]LogConfig: Setting CVar [[r.SkinCache.SceneMemoryLimitInMB:128.000000]]
[2022.05.16-18.40.18:238][  0]LogConfig: Setting CVar [[r.Mobile.EnableStaticAndCSMShadowReceivers:1]]
[2022.05.16-18.40.18:238][  0]LogConfig: Setting CVar [[r.Mobile.EnableMovableLightCSMShaderCulling:1]]
[2022.05.16-18.40.18:238][  0]LogConfig: Setting CVar [[r.Mobile.AllowDistanceFieldShadows:1]]
[2022.05.16-18.40.18:238][  0]LogConfig: Setting CVar [[r.Mobile.AllowMovableDirectionalLights:1]]
[2022.05.16-18.40.18:238][  0]LogConfig: Setting CVar [[r.MobileNumDynamicPointLights:4]]
[2022.05.16-18.40.18:238][  0]LogConfig: Setting CVar [[r.MobileDynamicPointLightsUseStaticBranch:1]]
[2022.05.16-18.40.18:238][  0]LogConfig: Setting CVar [[r.Mobile.EnableMovableSpotlights:0]]
[2022.05.16-18.40.18:238][  0]LogConfig: Setting CVar [[r.GPUSkin.Support16BitBoneIndex:0]]
[2022.05.16-18.40.18:238][  0]LogConfig: Setting CVar [[r.GPUSkin.Limit2BoneInfluences:0]]
[2022.05.16-18.40.18:238][  0]LogConfig: Setting CVar [[r.SupportDepthOnlyIndexBuffers:1]]
[2022.05.16-18.40.18:238][  0]LogConfig: Setting CVar [[r.SupportReversedIndexBuffers:1]]
[2022.05.16-18.40.18:238][  0]LogConfig: Setting CVar [[r.SupportMaterialLayers:0]]
[2022.05.16-18.40.18:238][  0]LogConfig: Setting CVar [[r.LightPropagationVolume:0]]
[2022.05.16-18.40.18:239][  0]LogConfig: Applying CVar settings from Section [/Script/Engine.RendererOverrideSettings] File [C:/Users/User/Documents/GitHub/AndroidProject/AndroidRunner/Saved/Config/Windows/Engine.ini]
[2022.05.16-18.40.18:239][  0]LogConfig: Applying CVar settings from Section [/Script/Engine.StreamingSettings] File [C:/Users/User/Documents/GitHub/AndroidProject/AndroidRunner/Saved/Config/Windows/Engine.ini]
[2022.05.16-18.40.18:239][  0]LogConfig: Setting CVar [[s.MinBulkDataSizeForAsyncLoading:131072]]
[2022.05.16-18.40.18:239][  0]LogConfig: Setting CVar [[s.AsyncLoadingThreadEnabled:0]]
[2022.05.16-18.40.18:239][  0]LogConfig: Setting CVar [[s.EventDrivenLoaderEnabled:1]]
[2022.05.16-18.40.18:239][  0]LogConfig: Setting CVar [[s.WarnIfTimeLimitExceeded:0]]
[2022.05.16-18.40.18:239][  0]LogConfig: Setting CVar [[s.TimeLimitExceededMultiplier:1.5]]
[2022.05.16-18.40.18:239][  0]LogConfig: Setting CVar [[s.TimeLimitExceededMinTime:0.005]]
[2022.05.16-18.40.18:239][  0]LogConfig: Setting CVar [[s.UseBackgroundLevelStreaming:1]]
[2022.05.16-18.40.18:239][  0]LogConfig: Setting CVar [[s.PriorityAsyncLoadingExtraTime:15.0]]
[2022.05.16-18.40.18:239][  0]LogConfig: Setting CVar [[s.LevelStreamingActorsUpdateTimeLimit:5.0]]
[2022.05.16-18.40.18:239][  0]LogConfig: Setting CVar [[s.PriorityLevelStreamingActorsUpdateExtraTime:5.0]]
[2022.05.16-18.40.18:239][  0]LogConfig: Setting CVar [[s.LevelStreamingComponentsRegistrationGranularity:10]]
[2022.05.16-18.40.18:239][  0]LogConfig: Setting CVar [[s.UnregisterComponentsTimeLimit:1.0]]
[2022.05.16-18.40.18:240][  0]LogConfig: Setting CVar [[s.LevelStreamingComponentsUnregistrationGranularity:5]]
[2022.05.16-18.40.18:240][  0]LogConfig: Setting CVar [[s.FlushStreamingOnExit:1]]
[2022.05.16-18.40.18:240][  0]LogConfig: Applying CVar settings from Section [/Script/Engine.GarbageCollectionSettings] File [C:/Users/User/Documents/GitHub/AndroidProject/AndroidRunner/Saved/Config/Windows/Engine.ini]
[2022.05.16-18.40.18:240][  0]LogConfig: Setting CVar [[gc.MaxObjectsNotConsideredByGC:1]]
[2022.05.16-18.40.18:240][  0]LogConfig: Setting CVar [[gc.SizeOfPermanentObjectPool:0]]
[2022.05.16-18.40.18:240][  0]LogConfig: Setting CVar [[gc.FlushStreamingOnGC:0]]
[2022.05.16-18.40.18:240][  0]LogConfig: Setting CVar [[gc.NumRetriesBeforeForcingGC:10]]
[2022.05.16-18.40.18:240][  0]LogConfig: Setting CVar [[gc.AllowParallelGC:1]]
[2022.05.16-18.40.18:240][  0]LogConfig: Setting CVar [[gc.TimeBetweenPurgingPendingKillObjects:61.1]]
[2022.05.16-18.40.18:240][  0]LogConfig: Setting CVar [[gc.MaxObjectsInEditor:25165824]]
[2022.05.16-18.40.18:240][  0]LogConfig: Setting CVar [[gc.IncrementalBeginDestroyEnabled:1]]
[2022.05.16-18.40.18:240][  0]LogConfig: Setting CVar [[gc.CreateGCClusters:1]]
[2022.05.16-18.40.18:240][  0]LogConfig: Setting CVar [[gc.MinGCClusterSize:5]]
[2022.05.16-18.40.18:240][  0]LogConfig: Setting CVar [[gc.ActorClusteringEnabled:0]]
[2022.05.16-18.40.18:240][  0]LogConfig: Setting CVar [[gc.BlueprintClusteringEnabled:0]]
[2022.05.16-18.40.18:240][  0]LogConfig: Setting CVar [[gc.UseDisregardForGCOnDedicatedServers:0]]
[2022.05.16-18.40.18:240][  0]LogConfig: Applying CVar settings from Section [/Script/Engine.NetworkSettings] File [C:/Users/User/Documents/GitHub/AndroidProject/AndroidRunner/Saved/Config/Windows/Engine.ini]
[2022.05.16-18.40.18:240][  0]LogConfig: Applying CVar settings from Section [/Script/UnrealEd.CookerSettings] File [C:/Users/User/Documents/GitHub/AndroidProject/AndroidRunner/Saved/Config/Windows/Engine.ini]
[2022.05.16-18.40.18:254][  0]LogConfig: Applying CVar settings from Section [ViewDistanceQuality@3] File [C:/Users/User/Documents/GitHub/AndroidProject/AndroidRunner/Saved/Config/Windows/Scalability.ini]
[2022.05.16-18.40.18:254][  0]LogConfig: Setting CVar [[r.SkeletalMeshLODBias:0]]
[2022.05.16-18.40.18:254][  0]LogConfig: Setting CVar [[r.ViewDistanceScale:1.0]]
[2022.05.16-18.40.18:254][  0]LogConfig: Applying CVar settings from Section [AntiAliasingQuality@3] File [C:/Users/User/Documents/GitHub/AndroidProject/AndroidRunner/Saved/Config/Windows/Scalability.ini]
[2022.05.16-18.40.18:254][  0]LogConfig: Setting CVar [[r.PostProcessAAQuality:4]]
[2022.05.16-18.40.18:254][  0]LogConfig: Applying CVar settings from Section [ShadowQuality@3] File [C:/Users/User/Documents/GitHub/AndroidProject/AndroidRunner/Saved/Config/Windows/Scalability.ini]
[2022.05.16-18.40.18:254][  0]LogConfig: Setting CVar [[r.LightFunctionQuality:1]]
[2022.05.16-18.40.18:254][  0]LogConfig: Setting CVar [[r.ShadowQuality:5]]
[2022.05.16-18.40.18:254][  0]LogConfig: Setting CVar [[r.Shadow.CSM.MaxCascades:10]]
[2022.05.16-18.40.18:254][  0]LogConfig: Setting CVar [[r.Shadow.MaxResolution:2048]]
[2022.05.16-18.40.18:254][  0]LogConfig: Setting CVar [[r.Shadow.MaxCSMResolution:2048]]
[2022.05.16-18.40.18:254][  0]LogConfig: Setting CVar [[r.Shadow.RadiusThreshold:0.01]]
[2022.05.16-18.40.18:254][  0]LogConfig: Setting CVar [[r.Shadow.DistanceScale:1.0]]
[2022.05.16-18.40.18:254][  0]LogConfig: Setting CVar [[r.Shadow.CSM.TransitionScale:1.0]]
[2022.05.16-18.40.18:254][  0]LogConfig: Setting CVar [[r.Shadow.PreShadowResolutionFactor:1.0]]
[2022.05.16-18.40.18:254][  0]LogConfig: Setting CVar [[r.DistanceFieldShadowing:1]]
[2022.05.16-18.40.18:254][  0]LogConfig: Setting CVar [[r.DistanceFieldAO:1]]
[2022.05.16-18.40.18:254][  0]LogConfig: Setting CVar [[r.AOQuality:2]]
[2022.05.16-18.40.18:254][  0]LogConfig: Setting CVar [[r.VolumetricFog:1]]
[2022.05.16-18.40.18:254][  0]LogConfig: Setting CVar [[r.VolumetricFog.GridPixelSize:8]]
[2022.05.16-18.40.18:254][  0]LogConfig: Setting CVar [[r.VolumetricFog.GridSizeZ:128]]
[2022.05.16-18.40.18:254][  0]LogConfig: Setting CVar [[r.VolumetricFog.HistoryMissSupersampleCount:4]]
[2022.05.16-18.40.18:254][  0]LogConfig: Setting CVar [[r.LightMaxDrawDistanceScale:1]]
[2022.05.16-18.40.18:255][  0]LogConfig: Setting CVar [[r.CapsuleShadows:1]]
[2022.05.16-18.40.18:255][  0]LogConfig: Applying CVar settings from Section [PostProcessQuality@3] File [C:/Users/User/Documents/GitHub/AndroidProject/AndroidRunner/Saved/Config/Windows/Scalability.ini]
[2022.05.16-18.40.18:255][  0]LogConfig: Setting CVar [[r.MotionBlurQuality:4]]
[2022.05.16-18.40.18:255][  0]LogConfig: Setting CVar [[r.AmbientOcclusionMipLevelFactor:0.4]]
[2022.05.16-18.40.18:255][  0]LogConfig: Setting CVar [[r.AmbientOcclusionMaxQuality:100]]
[2022.05.16-18.40.18:255][  0]LogConfig: Setting CVar [[r.AmbientOcclusionLevels:-1]]
[2022.05.16-18.40.18:255][  0]LogConfig: Setting CVar [[r.AmbientOcclusionRadiusScale:1.0]]
[2022.05.16-18.40.18:255][  0]LogConfig: Setting CVar [[r.DepthOfFieldQuality:2]]
[2022.05.16-18.40.18:255][  0]LogConfig: Setting CVar [[r.RenderTargetPoolMin:400]]
[2022.05.16-18.40.18:255][  0]LogConfig: Setting CVar [[r.LensFlareQuality:2]]
[2022.05.16-18.40.18:255][  0]LogConfig: Setting CVar [[r.SceneColorFringeQuality:1]]
[2022.05.16-18.40.18:255][  0]LogConfig: Setting CVar [[r.EyeAdaptationQuality:2]]
[2022.05.16-18.40.18:255][  0]LogConfig: Setting CVar [[r.BloomQuality:5]]
[2022.05.16-18.40.18:255][  0]LogConfig: Setting CVar [[r.FastBlurThreshold:100]]
[2022.05.16-18.40.18:255][  0]LogConfig: Setting CVar [[r.Upscale.Quality:3]]
[2022.05.16-18.40.18:255][  0]LogConfig: Setting CVar [[r.Tonemapper.GrainQuantization:1]]
[2022.05.16-18.40.18:255][  0]LogConfig: Setting CVar [[r.LightShaftQuality:1]]
[2022.05.16-18.40.18:255][  0]LogConfig: Setting CVar [[r.Filter.SizeScale:1]]
[2022.05.16-18.40.18:255][  0]LogConfig: Setting CVar [[r.Tonemapper.Quality:5]]
[2022.05.16-18.40.18:255][  0]LogConfig: Setting CVar [[r.DOF.Gather.AccumulatorQuality:1        ; higher gathering accumulator quality]]
[2022.05.16-18.40.18:255][  0]LogConfig: Setting CVar [[r.DOF.Gather.PostfilterMethod:1          ; Median3x3 postfilering method]]
[2022.05.16-18.40.18:255][  0]LogConfig: Setting CVar [[r.DOF.Gather.EnableBokehSettings:0       ; no bokeh simulation when gathering]]
[2022.05.16-18.40.18:255][  0]LogConfig: Setting CVar [[r.DOF.Gather.RingCount:4                 ; medium number of samples when gathering]]
[2022.05.16-18.40.18:255][  0]LogConfig: Setting CVar [[r.DOF.Scatter.ForegroundCompositing:1    ; additive foreground scattering]]
[2022.05.16-18.40.18:255][  0]LogConfig: Setting CVar [[r.DOF.Scatter.BackgroundCompositing:2    ; additive background scattering]]
[2022.05.16-18.40.18:255][  0]LogConfig: Setting CVar [[r.DOF.Scatter.EnableBokehSettings:1      ; bokeh simulation when scattering]]
[2022.05.16-18.40.18:255][  0]LogConfig: Setting CVar [[r.DOF.Scatter.MaxSpriteRatio:0.1         ; only a maximum of 10% of scattered bokeh]]
[2022.05.16-18.40.18:255][  0]LogConfig: Setting CVar [[r.DOF.Recombine.Quality:1                ; cheap slight out of focus]]
[2022.05.16-18.40.18:255][  0]LogConfig: Setting CVar [[r.DOF.Recombine.EnableBokehSettings:0    ; no bokeh simulation on slight out of focus]]
[2022.05.16-18.40.18:255][  0]LogConfig: Setting CVar [[r.DOF.TemporalAAQuality:1                ; more stable temporal accumulation]]
[2022.05.16-18.40.18:255][  0]LogConfig: Setting CVar [[r.DOF.Kernel.MaxForegroundRadius:0.025]]
[2022.05.16-18.40.18:255][  0]LogConfig: Setting CVar [[r.DOF.Kernel.MaxBackgroundRadius:0.025]]
[2022.05.16-18.40.18:255][  0]LogConfig: Applying CVar settings from Section [TextureQuality@3] File [C:/Users/User/Documents/GitHub/AndroidProject/AndroidRunner/Saved/Config/Windows/Scalability.ini]
[2022.05.16-18.40.18:255][  0]LogConfig: Setting CVar [[r.Streaming.MipBias:0]]
[2022.05.16-18.40.18:256][  0]LogConfig: Setting CVar [[r.Streaming.AmortizeCPUToGPUCopy:0]]
[2022.05.16-18.40.18:256][  0]LogConfig: Setting CVar [[r.Streaming.MaxNumTexturesToStreamPerFrame:0]]
[2022.05.16-18.40.18:256][  0]LogConfig: Setting CVar [[r.Streaming.Boost:1]]
[2022.05.16-18.40.18:256][  0]LogConfig: Setting CVar [[r.MaxAnisotropy:8]]
[2022.05.16-18.40.18:256][  0]LogConfig: Setting CVar [[r.VT.MaxAnisotropy:8]]
[2022.05.16-18.40.18:256][  0]LogConfig: Setting CVar [[r.Streaming.LimitPoolSizeToVRAM:0]]
[2022.05.16-18.40.18:256][  0]LogConfig: Setting CVar [[r.Streaming.PoolSize:1000]]
[2022.05.16-18.40.18:256][  0]LogConfig: Setting CVar [[r.Streaming.MaxEffectiveScreenSize:0]]
[2022.05.16-18.40.18:256][  0]LogConfig: Applying CVar settings from Section [EffectsQuality@3] File [C:/Users/User/Documents/GitHub/AndroidProject/AndroidRunner/Saved/Config/Windows/Scalability.ini]
[2022.05.16-18.40.18:256][  0]LogConfig: Setting CVar [[r.TranslucencyLightingVolumeDim:64]]
[2022.05.16-18.40.18:256][  0]LogConfig: Setting CVar [[r.RefractionQuality:2]]
[2022.05.16-18.40.18:256][  0]LogConfig: Setting CVar [[r.SSR.Quality:3]]
[2022.05.16-18.40.18:256][  0]LogConfig: Setting CVar [[r.SSR.HalfResSceneColor:0]]
[2022.05.16-18.40.18:256][  0]LogConfig: Setting CVar [[r.SceneColorFormat:4]]
[2022.05.16-18.40.18:256][  0]LogConfig: Setting CVar [[r.DetailMode:2]]
[2022.05.16-18.40.18:256][  0]LogConfig: Setting CVar [[r.TranslucencyVolumeBlur:1]]
[2022.05.16-18.40.18:256][  0]LogConfig: Setting CVar [[r.MaterialQualityLevel:1 ; High quality]]
[2022.05.16-18.40.18:256][  0]LogConfig: Setting CVar [[r.SSS.Scale:1]]
[2022.05.16-18.40.18:256][  0]LogConfig: Setting CVar [[r.SSS.SampleSet:2]]
[2022.05.16-18.40.18:256][  0]LogConfig: Setting CVar [[r.SSS.Quality:1]]
[2022.05.16-18.40.18:256][  0]LogConfig: Setting CVar [[r.SSS.HalfRes:0]]
[2022.05.16-18.40.18:256][  0]LogConfig: Setting CVar [[r.SSGI.Quality:3]]
[2022.05.16-18.40.18:256][  0]LogConfig: Setting CVar [[r.EmitterSpawnRateScale:1.0]]
[2022.05.16-18.40.18:256][  0]LogConfig: Setting CVar [[r.ParticleLightQuality:2]]
[2022.05.16-18.40.18:256][  0]LogConfig: Setting CVar [[r.SkyAtmosphere.AerialPerspectiveLUT.FastApplyOnOpaque:1 ; Always have FastSkyLUT 1 in this case to avoid wrong sky]]
[2022.05.16-18.40.18:256][  0]LogConfig: Setting CVar [[r.SkyAtmosphere.AerialPerspectiveLUT.SampleCountPerSlice:1]]
[2022.05.16-18.40.18:257][  0]LogConfig: Setting CVar [[r.SkyAtmosphere.AerialPerspectiveLUT.DepthResolution:16.0]]
[2022.05.16-18.40.18:257][  0]LogConfig: Setting CVar [[r.SkyAtmosphere.FastSkyLUT:1]]
[2022.05.16-18.40.18:257][  0]LogConfig: Setting CVar [[r.SkyAtmosphere.FastSkyLUT.SampleCountMin:4.0]]
[2022.05.16-18.40.18:257][  0]LogConfig: Setting CVar [[r.SkyAtmosphere.FastSkyLUT.SampleCountMax:32.0]]
[2022.05.16-18.40.18:257][  0]LogConfig: Setting CVar [[r.SkyAtmosphere.SampleCountMin:4.0]]
[2022.05.16-18.40.18:257][  0]LogConfig: Setting CVar [[r.SkyAtmosphere.SampleCountMax:32.0]]
[2022.05.16-18.40.18:257][  0]LogConfig: Setting CVar [[r.SkyAtmosphere.TransmittanceLUT.UseSmallFormat:0]]
[2022.05.16-18.40.18:257][  0]LogConfig: Setting CVar [[r.SkyAtmosphere.TransmittanceLUT.SampleCount:10.0]]
[2022.05.16-18.40.18:257][  0]LogConfig: Setting CVar [[r.SkyAtmosphere.MultiScatteringLUT.SampleCount:15.0]]
[2022.05.16-18.40.18:257][  0]LogConfig: Applying CVar settings from Section [FoliageQuality@3] File [C:/Users/User/Documents/GitHub/AndroidProject/AndroidRunner/Saved/Config/Windows/Scalability.ini]
[2022.05.16-18.40.18:257][  0]LogConfig: Setting CVar [[foliage.DensityScale:1.0]]
[2022.05.16-18.40.18:257][  0]LogConfig: Setting CVar [[grass.DensityScale:1.0]]
[2022.05.16-18.40.18:257][  0]LogConfig: Applying CVar settings from Section [ShadingQuality@3] File [C:/Users/User/Documents/GitHub/AndroidProject/AndroidRunner/Saved/Config/Windows/Scalability.ini]
[2022.05.16-18.40.18:257][  0]LogConfig: Setting CVar [[r.HairStrands.SkyLighting.SampleCount:16]]
[2022.05.16-18.40.18:257][  0]LogConfig: Setting CVar [[r.HairStrands.SkyLighting.JitterIntegration:0]]
[2022.05.16-18.40.18:257][  0]LogConfig: Setting CVar [[r.HairStrands.SkyAO.SampleCount:16]]
[2022.05.16-18.40.18:257][  0]LogConfig: Setting CVar [[r.HairStrands.DeepShadow.SuperSampling:0]]
[2022.05.16-18.40.18:257][  0]LogConfig: Setting CVar [[r.HairStrands.VisibilityPPLL:0]]
[2022.05.16-18.40.18:257][  0]LogConfig: Setting CVar [[r.HairStrands.RasterizationScale:0.5]]
[2022.05.16-18.40.18:257][  0]LogConfig: Setting CVar [[r.HairStrands.VelocityRasterizationScale:1]]
[2022.05.16-18.40.18:257][  0]LogInit: Selected Device Profile: [Windows]
[2022.05.16-18.40.18:257][  0]LogInit: Applying CVar settings loaded from the selected device profile: [Windows]
[2022.05.16-18.40.18:257][  0]LogHAL: Display: Platform has ~ 16 GB [17142755328 / 17179869184 / 16], which maps to Larger [LargestMinGB=32, LargerMinGB=12, DefaultMinGB=8, SmallerMinGB=6, SmallestMinGB=0)
[2022.05.16-18.40.18:257][  0]LogInit: Going up to parent DeviceProfile []
[2022.05.16-18.40.18:257][  0]LogConfig: Applying CVar settings from Section [ViewDistanceQuality@3] File [C:/Users/User/Documents/GitHub/AndroidProject/AndroidRunner/Saved/Config/Windows/Scalability.ini]
[2022.05.16-18.40.18:257][  0]LogConfig: Setting CVar [[r.SkeletalMeshLODBias:0]]
[2022.05.16-18.40.18:257][  0]LogConfig: Setting CVar [[r.ViewDistanceScale:1.0]]
[2022.05.16-18.40.18:257][  0]LogConfig: Applying CVar settings from Section [AntiAliasingQuality@3] File [C:/Users/User/Documents/GitHub/AndroidProject/AndroidRunner/Saved/Config/Windows/Scalability.ini]
[2022.05.16-18.40.18:257][  0]LogConfig: Setting CVar [[r.PostProcessAAQuality:4]]
[2022.05.16-18.40.18:257][  0]LogConfig: Applying CVar settings from Section [ShadowQuality@3] File [C:/Users/User/Documents/GitHub/AndroidProject/AndroidRunner/Saved/Config/Windows/Scalability.ini]
[2022.05.16-18.40.18:257][  0]LogConfig: Setting CVar [[r.LightFunctionQuality:1]]
[2022.05.16-18.40.18:257][  0]LogConfig: Setting CVar [[r.ShadowQuality:5]]
[2022.05.16-18.40.18:257][  0]LogConfig: Setting CVar [[r.Shadow.CSM.MaxCascades:10]]
[2022.05.16-18.40.18:257][  0]LogConfig: Setting CVar [[r.Shadow.MaxResolution:2048]]
[2022.05.16-18.40.18:257][  0]LogConfig: Setting CVar [[r.Shadow.MaxCSMResolution:2048]]
[2022.05.16-18.40.18:257][  0]LogConfig: Setting CVar [[r.Shadow.RadiusThreshold:0.01]]
[2022.05.16-18.40.18:257][  0]LogConfig: Setting CVar [[r.Shadow.DistanceScale:1.0]]
[2022.05.16-18.40.18:257][  0]LogConfig: Setting CVar [[r.Shadow.CSM.TransitionScale:1.0]]
[2022.05.16-18.40.18:258][  0]LogConfig: Setting CVar [[r.Shadow.PreShadowResolutionFactor:1.0]]
[2022.05.16-18.40.18:258][  0]LogConfig: Setting CVar [[r.DistanceFieldShadowing:1]]
[2022.05.16-18.40.18:258][  0]LogConfig: Setting CVar [[r.DistanceFieldAO:1]]
[2022.05.16-18.40.18:258][  0]LogConfig: Setting CVar [[r.AOQuality:2]]
[2022.05.16-18.40.18:258][  0]LogConfig: Setting CVar [[r.VolumetricFog:1]]
[2022.05.16-18.40.18:258][  0]LogConfig: Setting CVar [[r.VolumetricFog.GridPixelSize:8]]
[2022.05.16-18.40.18:258][  0]LogConfig: Setting CVar [[r.VolumetricFog.GridSizeZ:128]]
[2022.05.16-18.40.18:258][  0]LogConfig: Setting CVar [[r.VolumetricFog.HistoryMissSupersampleCount:4]]
[2022.05.16-18.40.18:258][  0]LogConfig: Setting CVar [[r.LightMaxDrawDistanceScale:1]]
[2022.05.16-18.40.18:258][  0]LogConfig: Setting CVar [[r.CapsuleShadows:1]]
[2022.05.16-18.40.18:258][  0]LogConfig: Applying CVar settings from Section [PostProcessQuality@3] File [C:/Users/User/Documents/GitHub/AndroidProject/AndroidRunner/Saved/Config/Windows/Scalability.ini]
[2022.05.16-18.40.18:258][  0]LogConfig: Setting CVar [[r.MotionBlurQuality:4]]
[2022.05.16-18.40.18:258][  0]LogConfig: Setting CVar [[r.AmbientOcclusionMipLevelFactor:0.4]]
[2022.05.16-18.40.18:258][  0]LogConfig: Setting CVar [[r.AmbientOcclusionMaxQuality:100]]
[2022.05.16-18.40.18:258][  0]LogConfig: Setting CVar [[r.AmbientOcclusionLevels:-1]]
[2022.05.16-18.40.18:258][  0]LogConfig: Setting CVar [[r.AmbientOcclusionRadiusScale:1.0]]
[2022.05.16-18.40.18:258][  0]LogConfig: Setting CVar [[r.DepthOfFieldQuality:2]]
[2022.05.16-18.40.18:258][  0]LogConfig: Setting CVar [[r.RenderTargetPoolMin:400]]
[2022.05.16-18.40.18:258][  0]LogConfig: Setting CVar [[r.LensFlareQuality:2]]
[2022.05.16-18.40.18:258][  0]LogConfig: Setting CVar [[r.SceneColorFringeQuality:1]]
[2022.05.16-18.40.18:258][  0]LogConfig: Setting CVar [[r.EyeAdaptationQuality:2]]
[2022.05.16-18.40.18:258][  0]LogConfig: Setting CVar [[r.BloomQuality:5]]
[2022.05.16-18.40.18:258][  0]LogConfig: Setting CVar [[r.FastBlurThreshold:100]]
[2022.05.16-18.40.18:258][  0]LogConfig: Setting CVar [[r.Upscale.Quality:3]]
[2022.05.16-18.40.18:258][  0]LogConfig: Setting CVar [[r.Tonemapper.GrainQuantization:1]]
[2022.05.16-18.40.18:258][  0]LogConfig: Setting CVar [[r.LightShaftQuality:1]]
[2022.05.16-18.40.18:258][  0]LogConfig: Setting CVar [[r.Filter.SizeScale:1]]
[2022.05.16-18.40.18:258][  0]LogConfig: Setting CVar [[r.Tonemapper.Quality:5]]
[2022.05.16-18.40.18:258][  0]LogConfig: Setting CVar [[r.DOF.Gather.AccumulatorQuality:1        ; higher gathering accumulator quality]]
[2022.05.16-18.40.18:258][  0]LogConfig: Setting CVar [[r.DOF.Gather.PostfilterMethod:1          ; Median3x3 postfilering method]]
[2022.05.16-18.40.18:258][  0]LogConfig: Setting CVar [[r.DOF.Gather.EnableBokehSettings:0       ; no bokeh simulation when gathering]]
[2022.05.16-18.40.18:258][  0]LogConfig: Setting CVar [[r.DOF.Gather.RingCount:4                 ; medium number of samples when gathering]]
[2022.05.16-18.40.18:258][  0]LogConfig: Setting CVar [[r.DOF.Scatter.ForegroundCompositing:1    ; additive foreground scattering]]
[2022.05.16-18.40.18:258][  0]LogConfig: Setting CVar [[r.DOF.Scatter.BackgroundCompositing:2    ; additive background scattering]]
[2022.05.16-18.40.18:258][  0]LogConfig: Setting CVar [[r.DOF.Scatter.EnableBokehSettings:1      ; bokeh simulation when scattering]]
[2022.05.16-18.40.18:258][  0]LogConfig: Setting CVar [[r.DOF.Scatter.MaxSpriteRatio:0.1         ; only a maximum of 10% of scattered bokeh]]
[2022.05.16-18.40.18:258][  0]LogConfig: Setting CVar [[r.DOF.Recombine.Quality:1                ; cheap slight out of focus]]
[2022.05.16-18.40.18:258][  0]LogConfig: Setting CVar [[r.DOF.Recombine.EnableBokehSettings:0    ; no bokeh simulation on slight out of focus]]
[2022.05.16-18.40.18:258][  0]LogConfig: Setting CVar [[r.DOF.TemporalAAQuality:1                ; more stable temporal accumulation]]
[2022.05.16-18.40.18:258][  0]LogConfig: Setting CVar [[r.DOF.Kernel.MaxForegroundRadius:0.025]]
[2022.05.16-18.40.18:258][  0]LogConfig: Setting CVar [[r.DOF.Kernel.MaxBackgroundRadius:0.025]]
[2022.05.16-18.40.18:258][  0]LogConfig: Applying CVar settings from Section [TextureQuality@3] File [C:/Users/User/Documents/GitHub/AndroidProject/AndroidRunner/Saved/Config/Windows/Scalability.ini]
[2022.05.16-18.40.18:258][  0]LogConfig: Setting CVar [[r.Streaming.MipBias:0]]
[2022.05.16-18.40.18:258][  0]LogConfig: Setting CVar [[r.Streaming.AmortizeCPUToGPUCopy:0]]
[2022.05.16-18.40.18:258][  0]LogConfig: Setting CVar [[r.Streaming.MaxNumTexturesToStreamPerFrame:0]]
[2022.05.16-18.40.18:258][  0]LogConfig: Setting CVar [[r.Streaming.Boost:1]]
[2022.05.16-18.40.18:259][  0]LogConfig: Setting CVar [[r.MaxAnisotropy:8]]
[2022.05.16-18.40.18:259][  0]LogConfig: Setting CVar [[r.VT.MaxAnisotropy:8]]
[2022.05.16-18.40.18:259][  0]LogConfig: Setting CVar [[r.Streaming.LimitPoolSizeToVRAM:0]]
[2022.05.16-18.40.18:259][  0]LogConfig: Setting CVar [[r.Streaming.PoolSize:1000]]
[2022.05.16-18.40.18:259][  0]LogConfig: Setting CVar [[r.Streaming.MaxEffectiveScreenSize:0]]
[2022.05.16-18.40.18:259][  0]LogConfig: Applying CVar settings from Section [EffectsQuality@3] File [C:/Users/User/Documents/GitHub/AndroidProject/AndroidRunner/Saved/Config/Windows/Scalability.ini]
[2022.05.16-18.40.18:259][  0]LogConfig: Setting CVar [[r.TranslucencyLightingVolumeDim:64]]
[2022.05.16-18.40.18:259][  0]LogConfig: Setting CVar [[r.RefractionQuality:2]]
[2022.05.16-18.40.18:259][  0]LogConfig: Setting CVar [[r.SSR.Quality:3]]
[2022.05.16-18.40.18:259][  0]LogConfig: Setting CVar [[r.SSR.HalfResSceneColor:0]]
[2022.05.16-18.40.18:259][  0]LogConfig: Setting CVar [[r.SceneColorFormat:4]]
[2022.05.16-18.40.18:259][  0]LogConfig: Setting CVar [[r.DetailMode:2]]
[2022.05.16-18.40.18:259][  0]LogConfig: Setting CVar [[r.TranslucencyVolumeBlur:1]]
[2022.05.16-18.40.18:259][  0]LogConfig: Setting CVar [[r.MaterialQualityLevel:1 ; High quality]]
[2022.05.16-18.40.18:259][  0]LogConfig: Setting CVar [[r.SSS.Scale:1]]
[2022.05.16-18.40.18:259][  0]LogConfig: Setting CVar [[r.SSS.SampleSet:2]]
[2022.05.16-18.40.18:259][  0]LogConfig: Setting CVar [[r.SSS.Quality:1]]
[2022.05.16-18.40.18:259][  0]LogConfig: Setting CVar [[r.SSS.HalfRes:0]]
[2022.05.16-18.40.18:259][  0]LogConfig: Setting CVar [[r.SSGI.Quality:3]]
[2022.05.16-18.40.18:259][  0]LogConfig: Setting CVar [[r.EmitterSpawnRateScale:1.0]]
[2022.05.16-18.40.18:259][  0]LogConfig: Setting CVar [[r.ParticleLightQuality:2]]
[2022.05.16-18.40.18:259][  0]LogConfig: Setting CVar [[r.SkyAtmosphere.AerialPerspectiveLUT.FastApplyOnOpaque:1 ; Always have FastSkyLUT 1 in this case to avoid wrong sky]]
[2022.05.16-18.40.18:259][  0]LogConfig: Setting CVar [[r.SkyAtmosphere.AerialPerspectiveLUT.SampleCountPerSlice:1]]
[2022.05.16-18.40.18:259][  0]LogConfig: Setting CVar [[r.SkyAtmosphere.AerialPerspectiveLUT.DepthResolution:16.0]]
[2022.05.16-18.40.18:259][  0]LogConfig: Setting CVar [[r.SkyAtmosphere.FastSkyLUT:1]]
[2022.05.16-18.40.18:259][  0]LogConfig: Setting CVar [[r.SkyAtmosphere.FastSkyLUT.SampleCountMin:4.0]]
[2022.05.16-18.40.18:259][  0]LogConfig: Setting CVar [[r.SkyAtmosphere.FastSkyLUT.SampleCountMax:32.0]]
[2022.05.16-18.40.18:259][  0]LogConfig: Setting CVar [[r.SkyAtmosphere.SampleCountMin:4.0]]
[2022.05.16-18.40.18:259][  0]LogConfig: Setting CVar [[r.SkyAtmosphere.SampleCountMax:32.0]]
[2022.05.16-18.40.18:259][  0]LogConfig: Setting CVar [[r.SkyAtmosphere.TransmittanceLUT.UseSmallFormat:0]]
[2022.05.16-18.40.18:259][  0]LogConfig: Setting CVar [[r.SkyAtmosphere.TransmittanceLUT.SampleCount:10.0]]
[2022.05.16-18.40.18:259][  0]LogConfig: Setting CVar [[r.SkyAtmosphere.MultiScatteringLUT.SampleCount:15.0]]
[2022.05.16-18.40.18:259][  0]LogConfig: Applying CVar settings from Section [FoliageQuality@3] File [C:/Users/User/Documents/GitHub/AndroidProject/AndroidRunner/Saved/Config/Windows/Scalability.ini]
[2022.05.16-18.40.18:259][  0]LogConfig: Setting CVar [[foliage.DensityScale:1.0]]
[2022.05.16-18.40.18:259][  0]LogConfig: Setting CVar [[grass.DensityScale:1.0]]
[2022.05.16-18.40.18:259][  0]LogConfig: Applying CVar settings from Section [ShadingQuality@3] File [C:/Users/User/Documents/GitHub/AndroidProject/AndroidRunner/Saved/Config/Windows/Scalability.ini]
[2022.05.16-18.40.18:259][  0]LogConfig: Setting CVar [[r.HairStrands.SkyLighting.SampleCount:16]]
[2022.05.16-18.40.18:259][  0]LogConfig: Setting CVar [[r.HairStrands.SkyLighting.JitterIntegration:0]]
[2022.05.16-18.40.18:259][  0]LogConfig: Setting CVar [[r.HairStrands.SkyAO.SampleCount:16]]
[2022.05.16-18.40.18:259][  0]LogConfig: Setting CVar [[r.HairStrands.DeepShadow.SuperSampling:0]]
[2022.05.16-18.40.18:259][  0]LogConfig: Setting CVar [[r.HairStrands.VisibilityPPLL:0]]
[2022.05.16-18.40.18:259][  0]LogConfig: Setting CVar [[r.HairStrands.RasterizationScale:0.5]]
[2022.05.16-18.40.18:259][  0]LogConfig: Setting CVar [[r.HairStrands.VelocityRasterizationScale:1]]
[2022.05.16-18.40.18:259][  0]LogConfig: Applying CVar settings from Section [Startup] File [../../../Engine/Config/ConsoleVariables.ini]
[2022.05.16-18.40.18:260][  0]LogConfig: Setting CVar [[net.UseAdaptiveNetUpdateFrequency:0]]
[2022.05.16-18.40.18:260][  0]LogConfig: Setting CVar [[p.chaos.AllowCreatePhysxBodies:1]]
[2022.05.16-18.40.18:260][  0]LogConfig: Setting CVar [[fx.SkipVectorVMBackendOptimizations:1]]
[2022.05.16-18.40.18:260][  0]LogConfig: Applying CVar settings from Section [ConsoleVariables] File [C:/Users/User/Documents/GitHub/AndroidProject/AndroidRunner/Saved/Config/Windows/Engine.ini]
[2022.05.16-18.40.18:260][  0]LogInit: Computer: DESKTOP-FFGRD9F
[2022.05.16-18.40.18:260][  0]LogInit: User: User
[2022.05.16-18.40.18:260][  0]LogInit: CPU Page size=4096, Cores=4
[2022.05.16-18.40.18:260][  0]LogInit: High frequency timer resolution =10.000000 MHz
[2022.05.16-18.40.18:260][  0]LogMemory: Memory total: Physical=16.0GB (16GB approx)
[2022.05.16-18.40.18:260][  0]LogMemory: Platform Memory Stats for Windows
[2022.05.16-18.40.18:260][  0]LogMemory: Process Physical Memory: 117.06 MB used, 117.07 MB peak
[2022.05.16-18.40.18:260][  0]LogMemory: Process Virtual Memory: 110.07 MB used, 110.07 MB peak
[2022.05.16-18.40.18:260][  0]LogMemory: Physical Memory: 10057.44 MB used,  6291.16 MB free, 16348.61 MB total
[2022.05.16-18.40.18:260][  0]LogMemory: Virtual Memory: 5159.27 MB used,  134212568.00 MB free, 134217728.00 MB total
[2022.05.16-18.40.18:274][  0]LogWindows: WindowsPlatformFeatures enabled
[2022.05.16-18.40.18:331][  0]LogInit: Physics initialised using underlying interface: PhysX
[2022.05.16-18.40.18:332][  0]LogInit: Using OS detected language (ru-RU).
[2022.05.16-18.40.18:332][  0]LogInit: Using OS detected locale (ru-RU).
[2022.05.16-18.40.18:335][  0]LogTextLocalizationManager: No specific localization for 'ru-RU' exists, so the 'ru' localization will be used.
[2022.05.16-18.40.18:339][  0]LogTextLocalizationResource: LocRes '../../../Engine/Content/Localization/Editor/ru/Editor.locres' could not be opened for reading!
[2022.05.16-18.40.18:339][  0]LogTextLocalizationResource: LocRes '../../../Engine/Content/Localization/EditorTutorials/ru/EditorTutorials.locres' could not be opened for reading!
[2022.05.16-18.40.18:339][  0]LogTextLocalizationResource: LocRes '../../../Engine/Content/Localization/Keywords/ru/Keywords.locres' could not be opened for reading!
[2022.05.16-18.40.18:339][  0]LogTextLocalizationResource: LocRes '../../../Engine/Content/Localization/Category/ru/Category.locres' could not be opened for reading!
[2022.05.16-18.40.18:340][  0]LogTextLocalizationResource: LocRes '../../../Engine/Content/Localization/ToolTips/ru/ToolTips.locres' could not be opened for reading!
[2022.05.16-18.40.18:340][  0]LogTextLocalizationResource: LocRes '../../../Engine/Content/Localization/PropertyNames/ru/PropertyNames.locres' could not be opened for reading!
[2022.05.16-18.40.18:340][  0]LogTextLocalizationResource: LocRes '../../../Engine/Content/Localization/Engine/ru/Engine.locres' could not be opened for reading!
[2022.05.16-18.40.18:409][  0]LogSlate: New Slate User Created.  User Index 0, Is Virtual User: 0
[2022.05.16-18.40.18:409][  0]LogSlate: Slate User Registered.  User Index 0, Is Virtual User: 0
[2022.05.16-18.40.18:435][  0]LogHMD: Failed to initialize OpenVR with code 110
[2022.05.16-18.40.18:435][  0]LogD3D11RHI: D3D11 min allowed feature level: 11_0
[2022.05.16-18.40.18:435][  0]LogD3D11RHI: D3D11 max allowed feature level: 11_0
[2022.05.16-18.40.18:435][  0]LogD3D11RHI: D3D11 adapters:
[2022.05.16-18.40.18:525][  0]LogD3D11RHI:    0. 'Radeon RX 570 Series' (Feature Level 11_0)
[2022.05.16-18.40.18:525][  0]LogD3D11RHI:       8170/0/8174 MB DedicatedVideo/DedicatedSystem/SharedSystem, Outputs:2, VendorId:0x1002
[2022.05.16-18.40.18:531][  0]LogD3D11RHI:    1. 'Microsoft Basic Render Driver' (Feature Level 11_0)
[2022.05.16-18.40.18:531][  0]LogD3D11RHI:       0/0/8174 MB DedicatedVideo/DedicatedSystem/SharedSystem, Outputs:0, VendorId:0x1414
[2022.05.16-18.40.18:531][  0]LogD3D11RHI: Chosen D3D11 Adapter: 0
[2022.05.16-18.40.18:546][  0]LogD3D11RHI: Creating new Direct3DDevice
[2022.05.16-18.40.18:547][  0]LogD3D11RHI:     GPU DeviceId: 0x67df (for the marketing name, search the web for "GPU Device Id")
[2022.05.16-18.40.18:547][  0]LogWindows: EnumDisplayDevices:
[2022.05.16-18.40.18:547][  0]LogWindows:    0. 'Radeon RX 570 Series' (P:0 D:1)
[2022.05.16-18.40.18:548][  0]LogWindows:    1. 'Radeon RX 570 Series' (P:1 D:1)
[2022.05.16-18.40.18:549][  0]LogWindows:    2. 'Radeon RX 570 Series' (P:0 D:0)
[2022.05.16-18.40.18:550][  0]LogWindows:    3. 'Radeon RX 570 Series' (P:0 D:0)
[2022.05.16-18.40.18:551][  0]LogWindows:    4. 'Radeon RX 570 Series' (P:0 D:0)
[2022.05.16-18.40.18:552][  0]LogWindows:    5. 'Radeon RX 570 Series' (P:0 D:0)
[2022.05.16-18.40.18:553][  0]LogWindows:    6. 'Radeon RX 570 Series' (P:0 D:0)
[2022.05.16-18.40.18:555][  0]LogWindows: DebugString: FoundDriverCount:7 
[2022.05.16-18.40.18:555][  0]LogD3D11RHI:     Adapter Name: Radeon RX 570 Series
[2022.05.16-18.40.18:555][  0]LogD3D11RHI:   Driver Version: AMD Software: Adrenalin Edition 22.3.2 (internal:30.0.15019.1005, unified:30.0.15019.1005)
[2022.05.16-18.40.18:555][  0]LogD3D11RHI:      Driver Date: 3-22-2022
[2022.05.16-18.40.18:555][  0]LogRHI: Texture pool is 5182 MB (70% of 7402 MB)
[2022.05.16-18.40.18:699][  0]LogD3D11RHI: RHI has support for 64 bit atomics
[2022.05.16-18.40.18:699][  0]LogD3D11RHI: Async texture creation enabled
[2022.05.16-18.40.18:699][  0]LogD3D11RHI: Array index from any shader is supported
[2022.05.16-18.40.18:699][  0]LogD3D11RHI: HDR output is supported on display 0 (AMD Device: 0x0, Display: 0x0).
[2022.05.16-18.40.18:714][  0]LogD3D11RHI: GPU Timing Frequency: 25.000000 (Debug: 2 1)
[2022.05.16-18.40.19:410][  0]LogTargetPlatformManager: Display: Loaded TargetPlatform 'WindowsNoEditor'
[2022.05.16-18.40.19:418][  0]LogTargetPlatformManager: Display: Loaded TargetPlatform 'Windows'
[2022.05.16-18.40.19:435][  0]LogTargetPlatformManager: Display: Loaded TargetPlatform 'WindowsClient'
[2022.05.16-18.40.19:451][  0]LogTargetPlatformManager: Display: Loaded TargetPlatform 'WindowsServer'
[2022.05.16-18.40.19:451][  0]LogTargetPlatformManager: Display: Building Assets For Windows
[2022.05.16-18.40.19:464][  0]LogAudioDebug: Display: Lib vorbis DLL was dynamically loaded.
[2022.05.16-18.40.19:571][  0]LogShaderCompilers: Guid format shader working directory is -29 characters bigger than the processId version (../../../../../../Users/User/Documents/GitHub/AndroidProject/AndroidRunner/Intermediate/Shaders/WorkingDirectory/9212/).
[2022.05.16-18.40.19:571][  0]LogShaderCompilers: Cleaned the shader compiler working directory 'C:/Users/User/AppData/Local/Temp/UnrealShaderWorkingDir/FA0EEB024E43507BDCF0199954582C2F/'.
[2022.05.16-18.40.19:572][  0]LogXGEController: Cannot use XGE Controller as Incredibuild is not installed on this machine.
[2022.05.16-18.40.19:572][  0]LogShaderCompilers: Cannot use XGE Shader Compiler as Incredibuild is not installed on this machine.
[2022.05.16-18.40.19:572][  0]LogShaderCompilers: Display: Using Local Shader Compiler.
[2022.05.16-18.40.20:938][  0]LogDerivedDataCache: Display: Max Cache Size: 512 MB
[2022.05.16-18.40.21:049][  0]LogDerivedDataCache: Loaded boot cache 0.11s 75MB C:/Users/User/AppData/Local/UnrealEngine/4.25/DerivedDataCache/Boot.ddc.
[2022.05.16-18.40.21:049][  0]LogDerivedDataCache: Display: Loaded Boot cache: C:/Users/User/AppData/Local/UnrealEngine/4.25/DerivedDataCache/Boot.ddc
[2022.05.16-18.40.21:049][  0]LogDerivedDataCache: FDerivedDataBackendGraph:  Pak pak cache file ../../../../../../Users/User/Documents/GitHub/AndroidProject/AndroidRunner/DerivedDataCache/DDC.ddp not found, will not use a pak cache.
[2022.05.16-18.40.21:049][  0]LogDerivedDataCache: Unable to find inner node Pak for hierarchical cache Hierarchy.
[2022.05.16-18.40.21:049][  0]LogDerivedDataCache: FDerivedDataBackendGraph:  CompressedPak pak cache file ../../../../../../Users/User/Documents/GitHub/AndroidProject/AndroidRunner/DerivedDataCache/Compressed.ddp not found, will not use a pak cache.
[2022.05.16-18.40.21:049][  0]LogDerivedDataCache: Unable to find inner node CompressedPak for hierarchical cache Hierarchy.
[2022.05.16-18.40.21:066][  0]LogDerivedDataCache: Display: Pak cache opened for reading ../../../Engine/DerivedDataCache/Compressed.ddp.
[2022.05.16-18.40.21:066][  0]LogDerivedDataCache: FDerivedDataBackendGraph:  EnterprisePak pak cache file ../../../Enterprise/DerivedDataCache/Compressed.ddp not found, will not use a pak cache.
[2022.05.16-18.40.21:066][  0]LogDerivedDataCache: Unable to find inner node EnterprisePak for hierarchical cache Hierarchy.
[2022.05.16-18.40.21:068][  0]LogDerivedDataCache: Using Local data cache path C:/Users/User/AppData/Local/UnrealEngine/Common/DerivedDataCache: Writable
[2022.05.16-18.40.21:068][  0]LogDerivedDataCache: Shared data cache path not found in *engine.ini, will not use an Shared cache.
[2022.05.16-18.40.21:068][  0]LogDerivedDataCache: Unable to find inner node Shared for hierarchical cache Hierarchy.
[2022.05.16-18.40.21:089][  0]LogSlate: Using FreeType 2.10.0
[2022.05.16-18.40.21:090][  0]LogSlate: SlateFontServices - WITH_FREETYPE: 1, WITH_HARFBUZZ: 1
[2022.05.16-18.40.21:237][  0]LogInit: Using OS detected language (ru-RU).
[2022.05.16-18.40.21:237][  0]LogInit: Using OS detected locale (ru-RU).
[2022.05.16-18.40.21:237][  0]LogTextLocalizationManager: No localization for 'ru-RU' exists, so 'en' will be used for the language.
[2022.05.16-18.40.21:237][  0]LogTextLocalizationManager: No localization for 'ru-RU' exists, so 'en' will be used for the locale.
[2022.05.16-18.40.21:237][  0]LogSlate: FontCache flush requested. Reason: Culture for localization was changed
[2022.05.16-18.40.21:237][  0]LogSlate: FontCache flush requested. Reason: Culture for localization was changed
[2022.05.16-18.40.21:238][  0]LogTextLocalizationManager: Compacting localization data took   0.00ms
[2022.05.16-18.40.21:242][  0]LogAssetRegistry: FAssetRegistry took 0.0026 seconds to start up
[2022.05.16-18.40.21:553][  0]LogPackageLocalizationCache: Processed 19 localized package path(s) for 1 prioritized culture(s) in 0.001447 seconds
[2022.05.16-18.40.21:632][  0]LogInit: Selected Device Profile: [Windows]
[2022.05.16-18.40.21:791][  0]LogMeshReduction: Using QuadricMeshReduction for automatic static mesh reduction
[2022.05.16-18.40.21:791][  0]LogMeshReduction: Using SimplygonMeshReduction for automatic skeletal mesh reduction
[2022.05.16-18.40.21:791][  0]LogMeshReduction: Using ProxyLODMeshReduction for automatic mesh merging
[2022.05.16-18.40.21:791][  0]LogMeshReduction: No distributed automatic mesh merging module available
[2022.05.16-18.40.21:791][  0]LogMeshMerging: No distributed automatic mesh merging module available
[2022.05.16-18.40.21:818][  0]LogNetVersion: FreeRunner 1.0.0, NetCL: 13144385, EngineNetVer: 14, GameNetVer: 0 (Checksum: 3994912003)
[2022.05.16-18.40.22:226][  0]LogAISub: UAISubsystem::UAISubsystem AISubsystem (00000253783BCD40), frame # 0
[2022.05.16-18.40.22:226][  0]LogAISub: UAISubsystem::UAISubsystem AIPerceptionSystem (00000253782E3740), frame # 0
[2022.05.16-18.40.22:228][  0]LogAISub: UAISubsystem::UAISubsystem EnvQueryManager (0000025378369400), frame # 0
[2022.05.16-18.40.22:372][  0]LogCollectionManager: Loaded 0 collections in 0.001855 seconds
[2022.05.16-18.40.22:375][  0]LogFileCache: Scanning file cache for directory 'C:/Users/User/Documents/GitHub/AndroidProject/AndroidRunner/Saved/Collections/' took 0.00s
[2022.05.16-18.40.22:375][  0]LogFileCache: Scanning file cache for directory 'C:/Users/User/Documents/GitHub/AndroidProject/AndroidRunner/Content/Developers/User/Collections/' took 0.00s
[2022.05.16-18.40.22:375][  0]LogFileCache: Scanning file cache for directory 'C:/Users/User/Documents/GitHub/AndroidProject/AndroidRunner/Content/Collections/' took 0.00s
[2022.05.16-18.40.22:375][  0]LogCollectionManager: Fixed up redirectors for 0 collections in 0.000004 seconds (updated 0 objects)
[2022.05.16-18.40.22:474][  0]LogMoviePlayer: Initializing movie player
[2022.05.16-18.40.22:735][  0]LogTcpMessaging: Initializing TcpMessaging bridge
[2022.05.16-18.40.22:741][  0]LogUdpMessaging: Initializing bridge on interface 0.0.0.0:0 to multicast group 230.0.0.1:6666.
[2022.05.16-18.40.22:811][  0]SourceControl: Source control is disabled
[2022.05.16-18.40.22:811][  0]SourceControl: Source control is disabled
[2022.05.16-18.40.22:823][  0]SourceControl: Source control is disabled
[2022.05.16-18.40.23:049][  0]LogAndroidPermission: UAndroidPermissionCallbackProxy::GetInstance
[2022.05.16-18.40.23:083][  0]LogAudioCaptureCore: Display: No Audio Capture implementations found. Audio input will be silent.
[2022.05.16-18.40.23:083][  0]LogAudioCaptureCore: Display: No Audio Capture implementations found. Audio input will be silent.
[2022.05.16-18.40.23:169][  0]LogOcInput: OculusInput pre-init called
[2022.05.16-18.40.23:193][  0]LogUObjectArray: 19049 objects as part of root set at end of initial load.
[2022.05.16-18.40.23:193][  0]LogUObjectAllocator: 5006240 out of 0 bytes used by permanent object pool.
[2022.05.16-18.40.23:193][  0]LogUObjectArray: CloseDisregardForGC: 0/0 objects in disregard for GC pool
[2022.05.16-18.40.23:263][  0]LogEngine: Initializing Engine...
[2022.05.16-18.40.23:266][  0]LogHMD: Failed to initialize OpenVR with code 110
[2022.05.16-18.40.23:266][  0]LogMagicLeap: Warning: VR disabled because ZI is not enabled.  To enable, in the editor, Edit -> Project Settings -> Plugins -> Magic Leap Plugin -> Enable Zero Iteration
[2022.05.16-18.40.23:268][  0]LogStats: UGameplayTagsManager::InitializeManager -  0.000 s
[2022.05.16-18.40.23:450][  0]LogInit: Initializing FReadOnlyCVARCache
[2022.05.16-18.40.23:456][  0]LogAudioMixer: Display: Audio Mixer Platform Settings:
[2022.05.16-18.40.23:456][  0]LogAudioMixer: Display: 	Sample Rate:						  48000
[2022.05.16-18.40.23:456][  0]LogAudioMixer: Display: 	Callback Buffer Frame Size Requested: 1024
[2022.05.16-18.40.23:456][  0]LogAudioMixer: Display: 	Callback Buffer Frame Size To Use:	  1024
[2022.05.16-18.40.23:457][  0]LogAudioMixer: Display: 	Number of buffers to queue:			  2
[2022.05.16-18.40.23:457][  0]LogAudioMixer: Display: 	Max Channels (voices):				  32
[2022.05.16-18.40.23:457][  0]LogAudioMixer: Display: 	Number of Async Source Workers:		  0
[2022.05.16-18.40.23:457][  0]LogAudio: Display: AudioDevice MaxSources: 32
[2022.05.16-18.40.23:457][  0]LogAudio: Display: Using built-in audio occlusion.
[2022.05.16-18.40.23:457][  0]LogAudioMixer: Display: Initializing audio mixer.
[2022.05.16-18.40.23:498][  0]LogAudioMixer: Display: 0: FrontLeft
[2022.05.16-18.40.23:498][  0]LogAudioMixer: Display: 1: FrontRight
[2022.05.16-18.40.23:592][  0]LogAudioMixer: Display: Using Audio Device Наушники гарнитуры (HyperX Virtual Surround Sound)
[2022.05.16-18.40.23:601][  0]LogAudioMixer: Display: Initializing Sound Submixes...
[2022.05.16-18.40.23:603][  0]LogAudioMixer: Display: Creating Master Submix 'MasterSubmixDefault'
[2022.05.16-18.40.23:603][  0]LogAudioMixer: Display: Creating Master Submix 'MasterReverbSubmixDefault'
[2022.05.16-18.40.23:606][  0]LogAudioMixer: Display: Creating Master Submix 'MasterEQSubmixDefault'
[2022.05.16-18.40.23:607][  0]LogInit: FAudioDevice initialized.
[2022.05.16-18.40.23:609][  0]LogNetVersion: Set ProjectVersion to 1.0.0.0. Version Checksum will be recalculated on next use.
[2022.05.16-18.40.23:616][  0]LogInit: Texture streaming: Enabled
[2022.05.16-18.40.23:711][  0]LogSlate: Updating window title bar state: overlay mode, drag disabled, window buttons hidden, title bar hidden
[2022.05.16-18.40.23:711][  0]LogInit: Display: Game Engine Initialized.
[2022.05.16-18.40.23:712][  0]LogNiagaraEditor: Warning: GEditor isn't valid! Particle reset commands will not work for Niagara components!
[2022.05.16-18.40.23:760][  0]LogInit: Display: Starting Game.
[2022.05.16-18.40.23:760][  0]LogNet: Browse: /Game/myfolders/Levels/0LEVEL?Name=Player
[2022.05.16-18.40.23:760][  0]LogLoad: LoadMap: /Game/myfolders/Levels/0LEVEL?Name=Player
[2022.05.16-18.40.23:760][  0]LogWorld: BeginTearingDown for /Temp/Untitled_0
[2022.05.16-18.40.23:761][  0]LogWorld: UWorld::CleanupWorld for Untitled, bSessionEnded=true, bCleanupResources=true
[2022.05.16-18.40.23:761][  0]LogSlate: InvalidateAllWidgets triggered.  All widgets were invalidated
[2022.05.16-18.40.23:818][  0]LogUObjectHash: Compacting FUObjectHashTables data took   1.61ms
[2022.05.16-18.40.24:726][  0]LogAIModule: Creating AISystem for world 0LEVEL
[2022.05.16-18.40.24:727][  0]LogAISub: UAISubsystem::UAISubsystem EnvQueryManager (000002530E9E8A00), frame # 0
[2022.05.16-18.40.24:727][  0]LogAISub: UAISubsystem::UAISubsystem AIPerceptionSystem (0000025306F1CB80), frame # 0
[2022.05.16-18.40.24:735][  0]LogLoad: Game class is 'ThirdPersonGameMode_C'
[2022.05.16-18.40.24:737][  0]LogPhysics: Warning: Scale for /Game/myfolders/Levels/0LEVEL.0LEVEL:PersistentLevel.scoremult1d6_5.Box has a component set to zero, which will result in a bad body instance. Scale:X=0.000 Y=-4.323 Z=1.698
[2022.05.16-18.40.24:737][  0]LogPhysics: Warning: Scale for /Game/myfolders/Levels/0LEVEL.0LEVEL:PersistentLevel.scoremult1d8_2.Box has a component set to zero, which will result in a bad body instance. Scale:X=0.000 Y=-4.323 Z=1.698
[2022.05.16-18.40.24:737][  0]LogPhysics: Warning: Scale for /Game/myfolders/Levels/0LEVEL.0LEVEL:PersistentLevel.scoremult1d9_2.Box has a component set to zero, which will result in a bad body instance. Scale:X=0.000 Y=-4.323 Z=1.698
[2022.05.16-18.40.24:737][  0]LogPhysics: Warning: Scale for /Game/myfolders/Levels/0LEVEL.0LEVEL:PersistentLevel.finishthing_8.Box has a component set to zero, which will result in a bad body instance. Scale:X=0.000 Y=9.250 Z=1.000
[2022.05.16-18.40.24:737][  0]LogPhysics: Warning: Scale for /Game/myfolders/Levels/0LEVEL.0LEVEL:PersistentLevel.scoremult1d2_2.Box has a component set to zero, which will result in a bad body instance. Scale:X=0.000 Y=-4.323 Z=1.698
[2022.05.16-18.40.24:737][  0]LogPhysics: Warning: Scale for /Game/myfolders/Levels/0LEVEL.0LEVEL:PersistentLevel.scoremult1d1_2.Box has a component set to zero, which will result in a bad body instance. Scale:X=0.000 Y=-4.323 Z=1.698
[2022.05.16-18.40.24:737][  0]LogPhysics: Warning: Scale for /Game/myfolders/Levels/0LEVEL.0LEVEL:PersistentLevel.scoremult1d3_4.Box has a component set to zero, which will result in a bad body instance. Scale:X=0.000 Y=-4.323 Z=1.698
[2022.05.16-18.40.24:738][  0]LogPhysics: Warning: Scale for /Game/myfolders/Levels/0LEVEL.0LEVEL:PersistentLevel.scoremult1d4_2.Box has a component set to zero, which will result in a bad body instance. Scale:X=0.000 Y=-4.323 Z=1.698
[2022.05.16-18.40.24:738][  0]LogPhysics: Warning: Scale for /Game/myfolders/Levels/0LEVEL.0LEVEL:PersistentLevel.scoremult1d5_2.Box has a component set to zero, which will result in a bad body instance. Scale:X=0.000 Y=-4.323 Z=1.698
[2022.05.16-18.40.24:738][  0]LogPhysics: Warning: Scale for /Game/myfolders/Levels/0LEVEL.0LEVEL:PersistentLevel.scoremult1d7_2.Box has a component set to zero, which will result in a bad body instance. Scale:X=0.000 Y=-4.323 Z=1.698
[2022.05.16-18.40.24:738][  0]LogPhysics: Warning: Scale for /Game/myfolders/Levels/0LEVEL.0LEVEL:PersistentLevel.scoremult2_15.Box has a component set to zero, which will result in a bad body instance. Scale:X=0.000 Y=-4.323 Z=1.698
[2022.05.16-18.40.24:740][  0]LogPhysics: Warning: Scale for /Game/myfolders/Levels/0LEVEL.0LEVEL:PersistentLevel.scoremult1d6_5.Box has a component set to zero, which will result in a bad body instance. Scale:X=0.000 Y=-4.323 Z=1.698
[2022.05.16-18.40.24:741][  0]LogPhysics: Warning: Scale for /Game/myfolders/Levels/0LEVEL.0LEVEL:PersistentLevel.scoremult1d8_2.Box has a component set to zero, which will result in a bad body instance. Scale:X=0.000 Y=-4.323 Z=1.698
[2022.05.16-18.40.24:742][  0]LogPhysics: Warning: Scale for /Game/myfolders/Levels/0LEVEL.0LEVEL:PersistentLevel.scoremult1d9_2.Box has a component set to zero, which will result in a bad body instance. Scale:X=0.000 Y=-4.323 Z=1.698
[2022.05.16-18.40.24:744][  0]LogPhysics: Warning: Scale for /Game/myfolders/Levels/0LEVEL.0LEVEL:PersistentLevel.finishthing_8.Box has a component set to zero, which will result in a bad body instance. Scale:X=0.000 Y=9.250 Z=1.000
[2022.05.16-18.40.24:745][  0]LogPhysics: Warning: Scale for /Game/myfolders/Levels/0LEVEL.0LEVEL:PersistentLevel.scoremult1d2_2.Box has a component set to zero, which will result in a bad body instance. Scale:X=0.000 Y=-4.323 Z=1.698
[2022.05.16-18.40.24:746][  0]LogPhysics: Warning: Scale for /Game/myfolders/Levels/0LEVEL.0LEVEL:PersistentLevel.scoremult1d1_2.Box has a component set to zero, which will result in a bad body instance. Scale:X=0.000 Y=-4.323 Z=1.698
[2022.05.16-18.40.24:748][  0]LogPhysics: Warning: Scale for /Game/myfolders/Levels/0LEVEL.0LEVEL:PersistentLevel.scoremult1d3_4.Box has a component set to zero, which will result in a bad body instance. Scale:X=0.000 Y=-4.323 Z=1.698
[2022.05.16-18.40.24:749][  0]LogPhysics: Warning: Scale for /Game/myfolders/Levels/0LEVEL.0LEVEL:PersistentLevel.scoremult1d4_2.Box has a component set to zero, which will result in a bad body instance. Scale:X=0.000 Y=-4.323 Z=1.698
[2022.05.16-18.40.24:750][  0]LogPhysics: Warning: Scale for /Game/myfolders/Levels/0LEVEL.0LEVEL:PersistentLevel.scoremult1d5_2.Box has a component set to zero, which will result in a bad body instance. Scale:X=0.000 Y=-4.323 Z=1.698
[2022.05.16-18.40.24:752][  0]LogPhysics: Warning: Scale for /Game/myfolders/Levels/0LEVEL.0LEVEL:PersistentLevel.scoremult1d7_2.Box has a component set to zero, which will result in a bad body instance. Scale:X=0.000 Y=-4.323 Z=1.698
[2022.05.16-18.40.24:753][  0]LogPhysics: Warning: Scale for /Game/myfolders/Levels/0LEVEL.0LEVEL:PersistentLevel.scoremult2_15.Box has a component set to zero, which will result in a bad body instance. Scale:X=0.000 Y=-4.323 Z=1.698
[2022.05.16-18.40.24:767][  0]LogWorld: Bringing World /Game/myfolders/Levels/0LEVEL.0LEVEL up for play (max tick rate 0) at 2022.05.16-23.40.24
[2022.05.16-18.40.24:768][  0]LogWorld: Bringing up level for play took: 0.032097
[2022.05.16-18.40.24:971][  0]LogPackageName: SearchForPackageOnDisk took   0.197s to resolve 1LEVEL.umap.
[2022.05.16-18.40.24:972][  0]LogBlueprintUserMessages: [0LEVEL_C_1] location reseet
[2022.05.16-18.40.24:974][  0]LogLoad: Took 1.214516 seconds to LoadMap(/Game/myfolders/Levels/0LEVEL)
[2022.05.16-18.40.25:035][  0]LogSlate: Took 0.000267 seconds to synchronously load lazily loaded font '../../../Engine/Content/Slate/Fonts/Roboto-Regular.ttf' (155K)
[2022.05.16-18.40.25:084][  0]LogRenderer: Reallocating scene render targets to support 752x1624 Format 10 NumSamples 1 (Frame:1).
[2022.05.16-18.40.25:084][  0]LogLoad: (Engine Initialization) Total time: 10.15 seconds
[2022.05.16-18.40.25:084][  0]LogLoad: (Engine Initialization) Total Blueprint compile time: 0.00 seconds
[2022.05.16-18.40.25:264][  0]LogPackageName: SearchForPackageOnDisk took   0.176s to resolve 1LEVEL.umap.
[2022.05.16-18.40.25:264][  0]LogNet: Browse: /Game/myfolders/Levels/1LEVEL
[2022.05.16-18.40.25:264][  0]LogLoad: LoadMap: /Game/myfolders/Levels/1LEVEL
[2022.05.16-18.40.25:264][  0]LogWorld: BeginTearingDown for /Game/myfolders/Levels/0LEVEL
[2022.05.16-18.40.25:265][  0]LogWorld: UWorld::CleanupWorld for 0LEVEL, bSessionEnded=true, bCleanupResources=true
[2022.05.16-18.40.25:266][  0]LogSlate: InvalidateAllWidgets triggered.  All widgets were invalidated
[2022.05.16-18.40.25:372][  0]LogAISub: UAISubsystem::~UAISubsystem EnvQueryManager (000002530E9E8A00), frame # 0
[2022.05.16-18.40.25:372][  0]LogAISub: UAISubsystem::~UAISubsystem AIPerceptionSystem (0000025306F1CB80), frame # 0
[2022.05.16-18.40.25:375][  0]LogUObjectHash: Compacting FUObjectHashTables data took   1.57ms
[2022.05.16-18.40.26:263][  0]LogAIModule: Creating AISystem for world 1LEVEL
[2022.05.16-18.40.26:263][  0]LogAISub: UAISubsystem::UAISubsystem EnvQueryManager (0000025307374C00), frame # 0
[2022.05.16-18.40.26:263][  0]LogAISub: UAISubsystem::UAISubsystem AIPerceptionSystem (0000025302353600), frame # 0
[2022.05.16-18.40.26:270][  0]LogLoad: Game class is 'ThirdPersonGameMode_C'
[2022.05.16-18.40.26:274][  0]LogPhysics: Warning: Scale for /Game/myfolders/Levels/1LEVEL.1LEVEL:PersistentLevel.scoremult1d6_0.Box has a component set to zero, which will result in a bad body instance. Scale:X=0.000 Y=-4.323 Z=1.698
[2022.05.16-18.40.26:274][  0]LogPhysics: Warning: Scale for /Game/myfolders/Levels/1LEVEL.1LEVEL:PersistentLevel.scoremult1d8_0.Box has a component set to zero, which will result in a bad body instance. Scale:X=0.000 Y=-4.323 Z=1.698
[2022.05.16-18.40.26:274][  0]LogPhysics: Warning: Scale for /Game/myfolders/Levels/1LEVEL.1LEVEL:PersistentLevel.scoremult1d9_0.Box has a component set to zero, which will result in a bad body instance. Scale:X=0.000 Y=-4.323 Z=1.698
[2022.05.16-18.40.26:274][  0]LogPhysics: Warning: Scale for /Game/myfolders/Levels/1LEVEL.1LEVEL:PersistentLevel.finishthing_0.Box has a component set to zero, which will result in a bad body instance. Scale:X=0.000 Y=9.250 Z=1.000
[2022.05.16-18.40.26:274][  0]LogPhysics: Warning: Scale for /Game/myfolders/Levels/1LEVEL.1LEVEL:PersistentLevel.scoremult1d2_0.Box has a component set to zero, which will result in a bad body instance. Scale:X=0.000 Y=-4.323 Z=1.698
[2022.05.16-18.40.26:274][  0]LogPhysics: Warning: Scale for /Game/myfolders/Levels/1LEVEL.1LEVEL:PersistentLevel.scoremult1d1_0.Box has a component set to zero, which will result in a bad body instance. Scale:X=0.000 Y=-4.323 Z=1.698
[2022.05.16-18.40.26:274][  0]LogPhysics: Warning: Scale for /Game/myfolders/Levels/1LEVEL.1LEVEL:PersistentLevel.scoremult1d3_0.Box has a component set to zero, which will result in a bad body instance. Scale:X=0.000 Y=-4.323 Z=1.698
[2022.05.16-18.40.26:274][  0]LogPhysics: Warning: Scale for /Game/myfolders/Levels/1LEVEL.1LEVEL:PersistentLevel.scoremult1d4_0.Box has a component set to zero, which will result in a bad body instance. Scale:X=0.000 Y=-4.323 Z=1.698
[2022.05.16-18.40.26:274][  0]LogPhysics: Warning: Scale for /Game/myfolders/Levels/1LEVEL.1LEVEL:PersistentLevel.scoremult1d5_0.Box has a component set to zero, which will result in a bad body instance. Scale:X=0.000 Y=-4.323 Z=1.698
[2022.05.16-18.40.26:274][  0]LogPhysics: Warning: Scale for /Game/myfolders/Levels/1LEVEL.1LEVEL:PersistentLevel.scoremult1d7_0.Box has a component set to zero, which will result in a bad body instance. Scale:X=0.000 Y=-4.323 Z=1.698
[2022.05.16-18.40.26:274][  0]LogPhysics: Warning: Scale for /Game/myfolders/Levels/1LEVEL.1LEVEL:PersistentLevel.scoremult2_0.Box has a component set to zero, which will result in a bad body instance. Scale:X=0.000 Y=-4.323 Z=1.698
[2022.05.16-18.40.26:294][  0]LogPhysics: Warning: Scale for /Game/myfolders/Levels/1LEVEL.1LEVEL:PersistentLevel.scoremult1d6_0.Box has a component set to zero, which will result in a bad body instance. Scale:X=0.000 Y=-4.323 Z=1.698
[2022.05.16-18.40.26:295][  0]LogPhysics: Warning: Scale for /Game/myfolders/Levels/1LEVEL.1LEVEL:PersistentLevel.scoremult1d8_0.Box has a component set to zero, which will result in a bad body instance. Scale:X=0.000 Y=-4.323 Z=1.698
[2022.05.16-18.40.26:297][  0]LogPhysics: Warning: Scale for /Game/myfolders/Levels/1LEVEL.1LEVEL:PersistentLevel.scoremult1d9_0.Box has a component set to zero, which will result in a bad body instance. Scale:X=0.000 Y=-4.323 Z=1.698
[2022.05.16-18.40.26:299][  0]LogPhysics: Warning: Scale for /Game/myfolders/Levels/1LEVEL.1LEVEL:PersistentLevel.finishthing_0.Box has a component set to zero, which will result in a bad body instance. Scale:X=0.000 Y=9.250 Z=1.000
[2022.05.16-18.40.26:299][  0]LogPhysics: Warning: Scale for /Game/myfolders/Levels/1LEVEL.1LEVEL:PersistentLevel.scoremult1d2_0.Box has a component set to zero, which will result in a bad body instance. Scale:X=0.000 Y=-4.323 Z=1.698
[2022.05.16-18.40.26:300][  0]LogPhysics: Warning: Scale for /Game/myfolders/Levels/1LEVEL.1LEVEL:PersistentLevel.scoremult1d1_0.Box has a component set to zero, which will result in a bad body instance. Scale:X=0.000 Y=-4.323 Z=1.698
[2022.05.16-18.40.26:301][  0]LogPhysics: Warning: Scale for /Game/myfolders/Levels/1LEVEL.1LEVEL:PersistentLevel.scoremult1d3_0.Box has a component set to zero, which will result in a bad body instance. Scale:X=0.000 Y=-4.323 Z=1.698
[2022.05.16-18.40.26:303][  0]LogPhysics: Warning: Scale for /Game/myfolders/Levels/1LEVEL.1LEVEL:PersistentLevel.scoremult1d4_0.Box has a component set to zero, which will result in a bad body instance. Scale:X=0.000 Y=-4.323 Z=1.698
[2022.05.16-18.40.26:304][  0]LogPhysics: Warning: Scale for /Game/myfolders/Levels/1LEVEL.1LEVEL:PersistentLevel.scoremult1d5_0.Box has a component set to zero, which will result in a bad body instance. Scale:X=0.000 Y=-4.323 Z=1.698
[2022.05.16-18.40.26:305][  0]LogPhysics: Warning: Scale for /Game/myfolders/Levels/1LEVEL.1LEVEL:PersistentLevel.scoremult1d7_0.Box has a component set to zero, which will result in a bad body instance. Scale:X=0.000 Y=-4.323 Z=1.698
[2022.05.16-18.40.26:306][  0]LogPhysics: Warning: Scale for /Game/myfolders/Levels/1LEVEL.1LEVEL:PersistentLevel.scoremult2_0.Box has a component set to zero, which will result in a bad body instance. Scale:X=0.000 Y=-4.323 Z=1.698
[2022.05.16-18.40.26:319][  0]LogWorld: Bringing World /Game/myfolders/Levels/1LEVEL.1LEVEL up for play (max tick rate 0) at 2022.05.16-23.40.26
[2022.05.16-18.40.26:320][  0]LogWorld: Bringing up level for play took: 0.047188
[2022.05.16-18.40.26:323][  0]LogBlueprintUserMessages: [1LEVEL_C_1] score Is saved
[2022.05.16-18.40.26:324][  0]LogBlueprintUserMessages: [1LEVEL_C_1] game saved
[2022.05.16-18.40.26:327][  0]LogLoad: Took 1.062902 seconds to LoadMap(/Game/myfolders/Levels/1LEVEL)
[2022.05.16-18.40.26:329][  0]LogContentStreaming: Texture pool size now 1000 MB
[2022.05.16-18.40.26:338][  0]LogSlate: InvalidateAllWidgets triggered.  All widgets were invalidated
[2022.05.16-18.40.26:434][  1]LogSlate: Took 0.000295 seconds to synchronously load lazily loaded font '../../../Engine/Content/Slate/Fonts/Roboto-Regular.ttf' (155K)
